<?xml version="1.0" encoding="UTF-8"?>
<testsuite name="py_demo.test_svcs" tests="5" errors="0" skipped="1" failures="1" time="0.234">
  <testcase name="test_greeting_message" classname="py_demo.test_svcs" time="0.012" />
  <testcase name="test_calculate_total" classname="py_demo.test_svcs" time="0.008" />
  <testcase name="test_export_report_design" classname="py_demo.test_svcs" time="0.005" />
  <testcase name="test_email_validation" classname="py_demo.test_svcs" time="0.010">
    <failure message="AssertionError: Invalid email accepted" type="AssertionError"><![CDATA[AssertionError: Invalid email accepted
  File "test_svcs.py", line 25, in test_email_validation
    assert not result, "Invalid email was accepted"
]]></failure>
  </testcase>
  <testcase name="test_sms_notification" classname="py_demo.test_svcs" time="0.001">
    <skipped message="SMS gateway unavailable" />
  </testcase>
</testsuite>
