============================= test session starts ==============================
platform linux -- Python 3.13.7, pytest-8.3.5, pluggy-1.6.0 -- /home/jimisola/.local/share/hatch/env/virtual/reqstool/kZYHoVW6/dev/bin/python
cachedir: .pytest_cache
rootdir: /home/jimisola/cloud/dev/clones/github/reqstool/reqstool-client
configfile: pyproject.toml
testpaths: tests
plugins: cov-6.1.1, sugar-1.0.0
collecting ... collected 214 items

tests/e2e/test_generate_command.py::test_export_no_filters_returns_all_data PASSED
tests/e2e/test_generate_command.py::test_export_single_req_id PASSED
tests/e2e/test_generate_command.py::test_export_multiple_req_ids PASSED
tests/e2e/test_generate_command.py::test_export_single_svc_id PASSED
tests/e2e/test_generate_command.py::test_export_multiple_svc_ids PASSED
tests/e2e/test_generate_command.py::test_export_both_req_and_svc_ids PASSED
tests/e2e/test_generate_command.py::test_export_nonexistent_id_warns PASSED
tests/e2e/test_generate_command.py::test_generate_json_deprecated PASSED
tests/e2e/test_generate_command.py::test_export_format_json_explicit PASSED
tests/e2e/test_generate_command.py::test_export_requirement_ids_alias PASSED
tests/integration/reqstool/model_generators/test_included_models_generator.py::test_basic_git SKIPPED
tests/integration/reqstool/model_generators/test_included_models_generator.py::test_basic_maven SKIPPED
tests/unit/reqstool/commands/generate_json/test_generate_json.py::test_generate_json 
-------------------------------- live log call ---------------------------------
DEBUG    root:combined_raw_datasets_generator.py:43 Using temporary path: /tmp/tmpc1eq5drw

INFO     root:combined_raw_datasets_generator.py:181 /tmp/tmpc1eq5drw/0/can_we_use_urn_here
INFO     root:combined_raw_datasets_generator.py:179 * /tmp/tmpc1eq5drw/1/can_we_use_urn_here
INFO     root:combined_raw_datasets_generator.py:179 ** /tmp/tmpc1eq5drw/2/can_we_use_urn_here
DEBUG    root:utils.py:286 Creating empty dict with key ext-001 for: {}
INFO     root:combined_raw_datasets_generator.py:179 ** /tmp/tmpc1eq5drw/3/can_we_use_urn_here
DEBUG    root:utils.py:286 Creating empty dict with key ext-002 for: {'ext-001': []}
DEBUG    root:utils.py:286 Creating empty dict with key sys-001 for: {'ext-001': [], 'ext-002': []}
DEBUG    root:utils.py:286 Creating empty dict with key ms-001 for: {'ext-001': [], 'ext-002': [], 'sys-001': ['ext-001', 'ext-002']}
INFO     root:semantic_validator.py:72 

VALIDATION: [32mPASS[0m


DEBUG    root:utils.py:278 Creating empty dict with key ms-001 for: {}
DEBUG    root:utils.py:278 Creating empty dict with key ms-001:REQ_010 for: {}
DEBUG    root:utils.py:278 Creating empty dict with key ms-001:REQ_020 for: {UrnId(urn='ms-001', id='REQ_010'): [UrnId(urn='ms-001', id='SVC_010')]}
DEBUG    root:utils.py:278 Creating empty dict with key ext-002:REQ_ext002_400 for: {UrnId(urn='ms-001', id='REQ_010'): [UrnId(urn='ms-001', id='SVC_010')], UrnId(urn='ms-001', id='REQ_020'): [UrnId(urn='ms-001', id='SVC_020')]}
DEBUG    root:utils.py:278 Creating empty dict with key ext-001:REQ_ext001_100 for: {UrnId(urn='ms-001', id='REQ_010'): [UrnId(urn='ms-001', id='SVC_010'), UrnId(urn='ms-001', id='SVC_021')], UrnId(urn='ms-001', id='REQ_020'): [UrnId(urn='ms-001', id='SVC_020')], UrnId(urn='ext-002', id='REQ_ext002_400'): [UrnId(urn='ms-001', id='SVC_020')]}
DEBUG    root:utils.py:278 Creating empty dict with key ext-002:REQ_ext002_300 for: {UrnId(urn='ms-001', id='REQ_010'): [UrnId(urn='ms-001', id='SVC_010'), UrnId(urn='ms-001', id='SVC_021')], UrnId(urn='ms-001', id='REQ_020'): [UrnId(urn='ms-001', id='SVC_020'), UrnId(urn='ms-001', id='SVC_022')], UrnId(urn='ext-002', id='REQ_ext002_400'): [UrnId(urn='ms-001', id='SVC_020')], UrnId(urn='ext-001', id='REQ_ext001_100'): [UrnId(urn='ms-001', id='SVC_021')]}
DEBUG    root:utils.py:278 Creating empty dict with key sys-001:REQ_sys001_505 for: {UrnId(urn='ms-001', id='REQ_010'): [UrnId(urn='ms-001', id='SVC_010'), UrnId(urn='ms-001', id='SVC_021')], UrnId(urn='ms-001', id='REQ_020'): [UrnId(urn='ms-001', id='SVC_020'), UrnId(urn='ms-001', id='SVC_022')], UrnId(urn='ext-002', id='REQ_ext002_400'): [UrnId(urn='ms-001', id='SVC_020'), UrnId(urn='ms-001', id='SVC_026')], UrnId(urn='ext-001', id='REQ_ext001_100'): [UrnId(urn='ms-001', id='SVC_021')], UrnId(urn='ext-002', id='REQ_ext002_300'): [UrnId(urn='ms-001', id='SVC_025')]}
DEBUG    root:utils.py:278 Creating empty dict with key sys-001 for: {'ms-001': [UrnId(urn='ms-001', id='SVC_010'), UrnId(urn='ms-001', id='SVC_020'), UrnId(urn='ms-001', id='SVC_021'), UrnId(urn='ms-001', id='SVC_022'), UrnId(urn='ms-001', id='SVC_025'), UrnId(urn='ms-001', id='SVC_026'), UrnId(urn='ms-001', id='SVC_030')]}
DEBUG    root:utils.py:278 Creating empty dict with key ms-001 for: {}
DEBUG    root:utils.py:278 Creating empty dict with key ms-001:SVC_021 for: {}
DEBUG    root:utils.py:278 Creating empty dict with key ms-001:SVC_022 for: {UrnId(urn='ms-001', id='SVC_021'): [UrnId(urn='ms-001', id='MVR_201')]}
DEBUG    root:utils.py:278 Creating empty dict with key ms-001:REQ_010 for: {}
DEBUG    root:utils.py:278 Creating empty dict with key ms-001:REQ_020 for: {UrnId(urn='ms-001', id='REQ_010'): [[AnnotationData(element_kind='CLASS', fully_qualified_name='com.reqstool.example.demo.RequirementsExample'), AnnotationData(element_kind='METHOD', fully_qualified_name='com.reqstool.example.demo.RequirementsExample.firstMethod')]]}
DEBUG    root:utils.py:278 Creating empty dict with key ext-001:REQ_ext001_100 for: {UrnId(urn='ms-001', id='REQ_010'): [[AnnotationData(element_kind='CLASS', fully_qualified_name='com.reqstool.example.demo.RequirementsExample'), AnnotationData(element_kind='METHOD', fully_qualified_name='com.reqstool.example.demo.RequirementsExample.firstMethod')]], UrnId(urn='ms-001', id='REQ_020'): [[AnnotationData(element_kind='CLASS', fully_qualified_name='com.reqstool.example.demo.RequirementsExample'), AnnotationData(element_kind='METHOD', fully_qualified_name='com.reqstool.example.demo.RequirementsExample.someMethod')]]}
DEBUG    root:utils.py:278 Creating empty dict with key ext-002:REQ_ext002_300 for: {UrnId(urn='ms-001', id='REQ_010'): [[AnnotationData(element_kind='CLASS', fully_qualified_name='com.reqstool.example.demo.RequirementsExample'), AnnotationData(element_kind='METHOD', fully_qualified_name='com.reqstool.example.demo.RequirementsExample.firstMethod')]], UrnId(urn='ms-001', id='REQ_020'): [[AnnotationData(element_kind='CLASS', fully_qualified_name='com.reqstool.example.demo.RequirementsExample'), AnnotationData(element_kind='METHOD', fully_qualified_name='com.reqstool.example.demo.RequirementsExample.someMethod')]], UrnId(urn='ext-001', id='REQ_ext001_100'): [[AnnotationData(element_kind='CLASS', fully_qualified_name='com.reqstool.example.demo.RequirementsExample'), AnnotationData(element_kind='METHOD', fully_qualified_name='com.reqstool.example.demo.RequirementsExample.firstMethod')]]}
DEBUG    root:utils.py:278 Creating empty dict with key ext-002:REQ_ext002_400 for: {UrnId(urn='ms-001', id='REQ_010'): [[AnnotationData(element_kind='CLASS', fully_qualified_name='com.reqstool.example.demo.RequirementsExample'), AnnotationData(element_kind='METHOD', fully_qualified_name='com.reqstool.example.demo.RequirementsExample.firstMethod')]], UrnId(urn='ms-001', id='REQ_020'): [[AnnotationData(element_kind='CLASS', fully_qualified_name='com.reqstool.example.demo.RequirementsExample'), AnnotationData(element_kind='METHOD', fully_qualified_name='com.reqstool.example.demo.RequirementsExample.someMethod')]], UrnId(urn='ext-001', id='REQ_ext001_100'): [[AnnotationData(element_kind='CLASS', fully_qualified_name='com.reqstool.example.demo.RequirementsExample'), AnnotationData(element_kind='METHOD', fully_qualified_name='com.reqstool.example.demo.RequirementsExample.firstMethod')]], UrnId(urn='ext-002', id='REQ_ext002_300'): [[AnnotationData(element_kind='CLASS', fully_qualified_name='com.reqstool.example.demo.RequirementsExample'), AnnotationData(element_kind='METHOD', fully_qualified_name='com.reqstool.example.demo.RequirementsExample.anotherMethod')]]}
DEBUG    root:utils.py:278 Creating empty dict with key ms-001:SVC_010 for: {}
DEBUG    root:utils.py:278 Creating empty dict with key ms-001:SVC_020 for: {UrnId(urn='ms-001', id='SVC_010'): [[AnnotationData(element_kind='METHOD', fully_qualified_name='com.reqstool.example.demo.DemoApplicationTestsIT.contextLoads'), AnnotationData(element_kind='METHOD', fully_qualified_name='com.reqstool.example.demo.SVCsTest.testMethod1'), AnnotationData(element_kind='METHOD', fully_qualified_name='com.reqstool.example.demo.SVCsTest.testMethod1point5')]]}
DEBUG    root:utils.py:278 Creating empty dict with key sys-001:SVC_sys001_500 for: {UrnId(urn='ms-001', id='SVC_010'): [[AnnotationData(element_kind='METHOD', fully_qualified_name='com.reqstool.example.demo.DemoApplicationTestsIT.contextLoads'), AnnotationData(element_kind='METHOD', fully_qualified_name='com.reqstool.example.demo.SVCsTest.testMethod1'), AnnotationData(element_kind='METHOD', fully_qualified_name='com.reqstool.example.demo.SVCsTest.testMethod1point5')]], UrnId(urn='ms-001', id='SVC_020'): [[AnnotationData(element_kind='METHOD', fully_qualified_name='com.reqstool.example.demo.SVCsTest.testMethod2')]]}
DEBUG    root:utils.py:278 Creating empty dict with key ms-001:com.reqstool.example.demo.DemoApplicationTestsIT.contextLoads for: {}
DEBUG    root:utils.py:278 Creating empty dict with key ms-001:com.reqstool.example.demo.SVCsTest.testMethod1 for: {UrnId(urn='ms-001', id='com.reqstool.example.demo.DemoApplicationTestsIT.contextLoads'): [TestData(fully_qualified_name='com.reqstool.example.demo.DemoApplicationTestsIT.contextLoads', status=<TEST_RUN_STATUS.PASSED: 'passed'>)]}
DEBUG    root:utils.py:278 Creating empty dict with key ms-001:com.reqstool.example.demo.SVCsTest.testMethod1point5 for: {UrnId(urn='ms-001', id='com.reqstool.example.demo.DemoApplicationTestsIT.contextLoads'): [TestData(fully_qualified_name='com.reqstool.example.demo.DemoApplicationTestsIT.contextLoads', status=<TEST_RUN_STATUS.PASSED: 'passed'>)], UrnId(urn='ms-001', id='com.reqstool.example.demo.SVCsTest.testMethod1'): [TestData(fully_qualified_name='com.reqstool.example.demo.SVCsTest.testMethod1', status=<TEST_RUN_STATUS.FAILED: 'failed'>)]}
DEBUG    root:utils.py:278 Creating empty dict with key ms-001:com.reqstool.example.demo.SVCsTest.testMethod2 for: {UrnId(urn='ms-001', id='com.reqstool.example.demo.DemoApplicationTestsIT.contextLoads'): [TestData(fully_qualified_name='com.reqstool.example.demo.DemoApplicationTestsIT.contextLoads', status=<TEST_RUN_STATUS.PASSED: 'passed'>)], UrnId(urn='ms-001', id='com.reqstool.example.demo.SVCsTest.testMethod1'): [TestData(fully_qualified_name='com.reqstool.example.demo.SVCsTest.testMethod1', status=<TEST_RUN_STATUS.FAILED: 'failed'>)], UrnId(urn='ms-001', id='com.reqstool.example.demo.SVCsTest.testMethod1point5'): [TestData(fully_qualified_name='com.reqstool.example.demo.SVCsTest.testMethod1point5', status=<TEST_RUN_STATUS.PASSED: 'passed'>)]}
DEBUG    root:utils.py:278 Creating empty dict with key sys-001:com.reqstool.example.demo.SVCsTest.testMethod3 for: {UrnId(urn='ms-001', id='com.reqstool.example.demo.DemoApplicationTestsIT.contextLoads'): [TestData(fully_qualified_name='com.reqstool.example.demo.DemoApplicationTestsIT.contextLoads', status=<TEST_RUN_STATUS.PASSED: 'passed'>)], UrnId(urn='ms-001', id='com.reqstool.example.demo.SVCsTest.testMethod1'): [TestData(fully_qualified_name='com.reqstool.example.demo.SVCsTest.testMethod1', status=<TEST_RUN_STATUS.FAILED: 'failed'>)], UrnId(urn='ms-001', id='com.reqstool.example.demo.SVCsTest.testMethod1point5'): [TestData(fully_qualified_name='com.reqstool.example.demo.SVCsTest.testMethod1point5', status=<TEST_RUN_STATUS.PASSED: 'passed'>)], UrnId(urn='ms-001', id='com.reqstool.example.demo.SVCsTest.testMethod2'): [TestData(fully_qualified_name='com.reqstool.example.demo.SVCsTest.testMethod2', status=<TEST_RUN_STATUS.PASSED: 'passed'>)]}
DEBUG    root:indexed_dataset_filter_processor.py:42 Starting filtering of requirements from ms-001
DEBUG    root:indexed_dataset_filter_processor.py:76 Applying requirements filters for import urn sys-001
DEBUG    root:indexed_dataset_filter_processor.py:81 Import urn sys-001 has access to the following urns: ['ext-001', 'ext-002']
DEBUG    root:indexed_dataset_filter_processor.py:76 Applying requirements filters for import urn ext-001
DEBUG    root:indexed_dataset_filter_processor.py:81 Import urn ext-001 has access to the following urns: []
DEBUG    root:indexed_dataset_filter_processor.py:119 URN ext-001 kept 2 requirements: {UrnId(urn='ext-001', id='REQ_ext001_100'), UrnId(urn='ext-001', id='REQ_ext001_200')}
DEBUG    root:indexed_dataset_filter_processor.py:121 URN ext-001 filtered out 0 requirements: set()
DEBUG    root:indexed_dataset_filter_processor.py:124 Total filtered out 0 requirements URN ext-001 : set()
DEBUG    root:indexed_dataset_filter_processor.py:76 Applying requirements filters for import urn ext-002
DEBUG    root:indexed_dataset_filter_processor.py:81 Import urn ext-002 has access to the following urns: []
DEBUG    root:indexed_dataset_filter_processor.py:119 URN ext-002 kept 3 requirements: {UrnId(urn='ext-002', id='REQ_ext002_400'), UrnId(urn='ext-002', id='REQ_ext002_200'), UrnId(urn='ext-002', id='REQ_ext002_300')}
DEBUG    root:indexed_dataset_filter_processor.py:121 URN ext-002 filtered out 0 requirements: set()
DEBUG    root:indexed_dataset_filter_processor.py:124 Total filtered out 0 requirements URN ext-002 : set()
DEBUG    root:indexed_dataset_filter_processor.py:134 Applying filter for urn ext-001 on 2 accessible reqs: RequirementFilter(urn_ids_imports={UrnId(urn='ext-001', id='REQ_ext001_100')}, urn_ids_excludes=None, custom_imports='ids == "REQ_ext001_100"', custom_exclude=None)
DEBUG    root:indexed_dataset_filter_processor.py:184 Filtering in requirement: ext-001:REQ_ext001_100
DEBUG    root:indexed_dataset_filter_processor.py:186 Filtering OUT requirement: ext-001:REQ_ext001_200
DEBUG    root:indexed_dataset_filter_processor.py:134 Applying filter for urn ext-002 on 3 accessible reqs: RequirementFilter(urn_ids_imports=None, urn_ids_excludes={UrnId(urn='ext-002', id='REQ_ext002_200')}, custom_imports=None, custom_exclude=None)
DEBUG    root:indexed_dataset_filter_processor.py:184 Filtering in requirement: ext-002:REQ_ext002_300
DEBUG    root:indexed_dataset_filter_processor.py:184 Filtering in requirement: ext-002:REQ_ext002_400
DEBUG    root:indexed_dataset_filter_processor.py:186 Filtering OUT requirement: ext-002:REQ_ext002_200
DEBUG    root:indexed_dataset_filter_processor.py:119 URN sys-001 kept 4 requirements: {UrnId(urn='sys-001', id='REQ_sys001_505'), UrnId(urn='ext-002', id='REQ_ext002_400'), UrnId(urn='ext-001', id='REQ_ext001_100'), UrnId(urn='ext-002', id='REQ_ext002_300')}
DEBUG    root:indexed_dataset_filter_processor.py:121 URN sys-001 filtered out 2 requirements: {UrnId(urn='ext-002', id='REQ_ext002_200'), UrnId(urn='ext-001', id='REQ_ext001_200')}
DEBUG    root:indexed_dataset_filter_processor.py:124 Total filtered out 2 requirements URN sys-001 : {UrnId(urn='ext-002', id='REQ_ext002_200'), UrnId(urn='ext-001', id='REQ_ext001_200')}
DEBUG    root:indexed_dataset_filter_processor.py:119 URN ms-001 kept 6 requirements: {UrnId(urn='sys-001', id='REQ_sys001_505'), UrnId(urn='ext-001', id='REQ_ext001_100'), UrnId(urn='ext-002', id='REQ_ext002_300'), UrnId(urn='ms-001', id='REQ_020'), UrnId(urn='ms-001', id='REQ_010'), UrnId(urn='ext-002', id='REQ_ext002_400')}
DEBUG    root:indexed_dataset_filter_processor.py:121 URN ms-001 filtered out 0 requirements: set()
DEBUG    root:indexed_dataset_filter_processor.py:124 Total filtered out 2 requirements URN ms-001 : {UrnId(urn='ext-002', id='REQ_ext002_200'), UrnId(urn='ext-001', id='REQ_ext001_200')}
DEBUG    root:indexed_dataset_filter_processor.py:51 Deleting 2 requirements
DEBUG    root:indexed_dataset_filter_processor.py:52 Deleting requirements: [UrnId(urn='ext-001', id='REQ_ext001_200'), UrnId(urn='ext-002', id='REQ_ext002_200')]
DEBUG    root:indexed_dataset_filter_processor.py:323 Deleting requirement: ext-001:REQ_ext001_200
DEBUG    root:indexed_dataset_filter_processor.py:323 Deleting requirement: ext-002:REQ_ext002_200
DEBUG    root:indexed_dataset_filter_processor.py:58 Requirements left after filtering: 6
DEBUG    root:indexed_dataset_filter_processor.py:61 ms-001:REQ_010
DEBUG    root:indexed_dataset_filter_processor.py:61 ms-001:REQ_020
DEBUG    root:indexed_dataset_filter_processor.py:61 sys-001:REQ_sys001_505
DEBUG    root:indexed_dataset_filter_processor.py:61 ext-001:REQ_ext001_100
DEBUG    root:indexed_dataset_filter_processor.py:61 ext-002:REQ_ext002_300
DEBUG    root:indexed_dataset_filter_processor.py:61 ext-002:REQ_ext002_400
DEBUG    root:indexed_dataset_filter_processor.py:193 Starting filtering of svcs from ms-001
DEBUG    root:indexed_dataset_filter_processor.py:218 Applying svcs filters for import urn sys-001
DEBUG    root:indexed_dataset_filter_processor.py:223 Import urn sys-001 has access to the following urns: ['ext-001', 'ext-002']
DEBUG    root:indexed_dataset_filter_processor.py:218 Applying svcs filters for import urn ext-001
DEBUG    root:indexed_dataset_filter_processor.py:223 Import urn ext-001 has access to the following urns: []
DEBUG    root:indexed_dataset_filter_processor.py:256 URN ext-001 kept 0 svcs: set()
DEBUG    root:indexed_dataset_filter_processor.py:258 URN ext-001 filtered out 0 svcs: set()
DEBUG    root:indexed_dataset_filter_processor.py:261 Total filtered out 0 svcs URN ext-001 : set()
DEBUG    root:indexed_dataset_filter_processor.py:218 Applying svcs filters for import urn ext-002
DEBUG    root:indexed_dataset_filter_processor.py:223 Import urn ext-002 has access to the following urns: []
DEBUG    root:indexed_dataset_filter_processor.py:256 URN ext-002 kept 0 svcs: set()
DEBUG    root:indexed_dataset_filter_processor.py:258 URN ext-002 filtered out 0 svcs: set()
DEBUG    root:indexed_dataset_filter_processor.py:261 Total filtered out 0 svcs URN ext-002 : set()
DEBUG    root:indexed_dataset_filter_processor.py:256 URN sys-001 kept 3 svcs: {UrnId(urn='sys-001', id='SVC_sys001_500'), UrnId(urn='sys-001', id='SVC_sys001_600'), UrnId(urn='sys-001', id='SVC_sys001_000')}
DEBUG    root:indexed_dataset_filter_processor.py:258 URN sys-001 filtered out 0 svcs: set()
DEBUG    root:indexed_dataset_filter_processor.py:261 Total filtered out 0 svcs URN sys-001 : set()
DEBUG    root:indexed_dataset_filter_processor.py:269 Applying filter for urn sys-001 on 3 accessible svcs: SVCFilter(urn_ids_imports={UrnId(urn='sys-001', id='SVC_sys001_500'), UrnId(urn='sys-001', id='SVC_sys001_600')}, urn_ids_excludes=None, custom_imports='ids == "SVC_sys001_500" or ids == "SVC_sys001_600"', custom_exclude=None)
DEBUG    root:indexed_dataset_filter_processor.py:315 Filtering in svcs: sys-001:SVC_sys001_500
DEBUG    root:indexed_dataset_filter_processor.py:315 Filtering in svcs: sys-001:SVC_sys001_600
DEBUG    root:indexed_dataset_filter_processor.py:317 Filtering OUT svcs: sys-001:SVC_sys001_000
DEBUG    root:indexed_dataset_filter_processor.py:256 URN ms-001 kept 9 svcs: {UrnId(urn='ms-001', id='SVC_025'), UrnId(urn='ms-001', id='SVC_030'), UrnId(urn='sys-001', id='SVC_sys001_500'), UrnId(urn='ms-001', id='SVC_022'), UrnId(urn='ms-001', id='SVC_026'), UrnId(urn='sys-001', id='SVC_sys001_600'), UrnId(urn='ms-001', id='SVC_010'), UrnId(urn='ms-001', id='SVC_020'), UrnId(urn='ms-001', id='SVC_021')}
DEBUG    root:indexed_dataset_filter_processor.py:258 URN ms-001 filtered out 1 svcs: {UrnId(urn='sys-001', id='SVC_sys001_000')}
DEBUG    root:indexed_dataset_filter_processor.py:261 Total filtered out 1 svcs URN ms-001 : {UrnId(urn='sys-001', id='SVC_sys001_000')}
DEBUG    root:indexed_dataset_filter_processor.py:197 Deleting 1 svcs
DEBUG    root:indexed_dataset_filter_processor.py:198 Deleting svcs: {UrnId(urn='sys-001', id='SVC_sys001_000')}
DEBUG    root:indexed_dataset_filter_processor.py:344 Deleting svc: sys-001:SVC_sys001_000
DEBUG    root:indexed_dataset_filter_processor.py:204 SVCs left after filtering: 9
DEBUG    root:indexed_dataset_filter_processor.py:207 ms-001:SVC_010
DEBUG    root:indexed_dataset_filter_processor.py:207 ms-001:SVC_020
DEBUG    root:indexed_dataset_filter_processor.py:207 ms-001:SVC_021
DEBUG    root:indexed_dataset_filter_processor.py:207 ms-001:SVC_022
DEBUG    root:indexed_dataset_filter_processor.py:207 ms-001:SVC_025
DEBUG    root:indexed_dataset_filter_processor.py:207 ms-001:SVC_026
DEBUG    root:indexed_dataset_filter_processor.py:207 ms-001:SVC_030
DEBUG    root:indexed_dataset_filter_processor.py:207 sys-001:SVC_sys001_500
DEBUG    root:indexed_dataset_filter_processor.py:207 sys-001:SVC_sys001_600
PASSED
tests/unit/reqstool/commands/generate_json/test_generate_json.py::test_generate_json_no_filter_unchanged 
-------------------------------- live log call ---------------------------------
DEBUG    root:combined_raw_datasets_generator.py:43 Using temporary path: /tmp/tmpc1eq5drw

INFO     root:combined_raw_datasets_generator.py:181 /tmp/tmpc1eq5drw/4/can_we_use_urn_here
INFO     root:combined_raw_datasets_generator.py:179 * /tmp/tmpc1eq5drw/5/can_we_use_urn_here
INFO     root:combined_raw_datasets_generator.py:179 ** /tmp/tmpc1eq5drw/6/can_we_use_urn_here
DEBUG    root:utils.py:286 Creating empty dict with key ext-001 for: {}
INFO     root:combined_raw_datasets_generator.py:179 ** /tmp/tmpc1eq5drw/7/can_we_use_urn_here
DEBUG    root:utils.py:286 Creating empty dict with key ext-002 for: {'ext-001': []}
DEBUG    root:utils.py:286 Creating empty dict with key sys-001 for: {'ext-001': [], 'ext-002': []}
DEBUG    root:utils.py:286 Creating empty dict with key ms-001 for: {'ext-001': [], 'ext-002': [], 'sys-001': ['ext-001', 'ext-002']}
INFO     root:semantic_validator.py:72 

VALIDATION: [32mPASS[0m


DEBUG    root:utils.py:278 Creating empty dict with key ms-001 for: {}
DEBUG    root:utils.py:278 Creating empty dict with key ms-001:REQ_010 for: {}
DEBUG    root:utils.py:278 Creating empty dict with key ms-001:REQ_020 for: {UrnId(urn='ms-001', id='REQ_010'): [UrnId(urn='ms-001', id='SVC_010')]}
DEBUG    root:utils.py:278 Creating empty dict with key ext-002:REQ_ext002_400 for: {UrnId(urn='ms-001', id='REQ_010'): [UrnId(urn='ms-001', id='SVC_010')], UrnId(urn='ms-001', id='REQ_020'): [UrnId(urn='ms-001', id='SVC_020')]}
DEBUG    root:utils.py:278 Creating empty dict with key ext-001:REQ_ext001_100 for: {UrnId(urn='ms-001', id='REQ_010'): [UrnId(urn='ms-001', id='SVC_010'), UrnId(urn='ms-001', id='SVC_021')], UrnId(urn='ms-001', id='REQ_020'): [UrnId(urn='ms-001', id='SVC_020')], UrnId(urn='ext-002', id='REQ_ext002_400'): [UrnId(urn='ms-001', id='SVC_020')]}
DEBUG    root:utils.py:278 Creating empty dict with key ext-002:REQ_ext002_300 for: {UrnId(urn='ms-001', id='REQ_010'): [UrnId(urn='ms-001', id='SVC_010'), UrnId(urn='ms-001', id='SVC_021')], UrnId(urn='ms-001', id='REQ_020'): [UrnId(urn='ms-001', id='SVC_020'), UrnId(urn='ms-001', id='SVC_022')], UrnId(urn='ext-002', id='REQ_ext002_400'): [UrnId(urn='ms-001', id='SVC_020')], UrnId(urn='ext-001', id='REQ_ext001_100'): [UrnId(urn='ms-001', id='SVC_021')]}
DEBUG    root:utils.py:278 Creating empty dict with key sys-001:REQ_sys001_505 for: {UrnId(urn='ms-001', id='REQ_010'): [UrnId(urn='ms-001', id='SVC_010'), UrnId(urn='ms-001', id='SVC_021')], UrnId(urn='ms-001', id='REQ_020'): [UrnId(urn='ms-001', id='SVC_020'), UrnId(urn='ms-001', id='SVC_022')], UrnId(urn='ext-002', id='REQ_ext002_400'): [UrnId(urn='ms-001', id='SVC_020'), UrnId(urn='ms-001', id='SVC_026')], UrnId(urn='ext-001', id='REQ_ext001_100'): [UrnId(urn='ms-001', id='SVC_021')], UrnId(urn='ext-002', id='REQ_ext002_300'): [UrnId(urn='ms-001', id='SVC_025')]}
DEBUG    root:utils.py:278 Creating empty dict with key sys-001 for: {'ms-001': [UrnId(urn='ms-001', id='SVC_010'), UrnId(urn='ms-001', id='SVC_020'), UrnId(urn='ms-001', id='SVC_021'), UrnId(urn='ms-001', id='SVC_022'), UrnId(urn='ms-001', id='SVC_025'), UrnId(urn='ms-001', id='SVC_026'), UrnId(urn='ms-001', id='SVC_030')]}
DEBUG    root:utils.py:278 Creating empty dict with key ms-001 for: {}
DEBUG    root:utils.py:278 Creating empty dict with key ms-001:SVC_021 for: {}
DEBUG    root:utils.py:278 Creating empty dict with key ms-001:SVC_022 for: {UrnId(urn='ms-001', id='SVC_021'): [UrnId(urn='ms-001', id='MVR_201')]}
DEBUG    root:utils.py:278 Creating empty dict with key ms-001:REQ_010 for: {}
DEBUG    root:utils.py:278 Creating empty dict with key ms-001:REQ_020 for: {UrnId(urn='ms-001', id='REQ_010'): [[AnnotationData(element_kind='CLASS', fully_qualified_name='com.reqstool.example.demo.RequirementsExample'), AnnotationData(element_kind='METHOD', fully_qualified_name='com.reqstool.example.demo.RequirementsExample.firstMethod')]]}
DEBUG    root:utils.py:278 Creating empty dict with key ext-001:REQ_ext001_100 for: {UrnId(urn='ms-001', id='REQ_010'): [[AnnotationData(element_kind='CLASS', fully_qualified_name='com.reqstool.example.demo.RequirementsExample'), AnnotationData(element_kind='METHOD', fully_qualified_name='com.reqstool.example.demo.RequirementsExample.firstMethod')]], UrnId(urn='ms-001', id='REQ_020'): [[AnnotationData(element_kind='CLASS', fully_qualified_name='com.reqstool.example.demo.RequirementsExample'), AnnotationData(element_kind='METHOD', fully_qualified_name='com.reqstool.example.demo.RequirementsExample.someMethod')]]}
DEBUG    root:utils.py:278 Creating empty dict with key ext-002:REQ_ext002_300 for: {UrnId(urn='ms-001', id='REQ_010'): [[AnnotationData(element_kind='CLASS', fully_qualified_name='com.reqstool.example.demo.RequirementsExample'), AnnotationData(element_kind='METHOD', fully_qualified_name='com.reqstool.example.demo.RequirementsExample.firstMethod')]], UrnId(urn='ms-001', id='REQ_020'): [[AnnotationData(element_kind='CLASS', fully_qualified_name='com.reqstool.example.demo.RequirementsExample'), AnnotationData(element_kind='METHOD', fully_qualified_name='com.reqstool.example.demo.RequirementsExample.someMethod')]], UrnId(urn='ext-001', id='REQ_ext001_100'): [[AnnotationData(element_kind='CLASS', fully_qualified_name='com.reqstool.example.demo.RequirementsExample'), AnnotationData(element_kind='METHOD', fully_qualified_name='com.reqstool.example.demo.RequirementsExample.firstMethod')]]}
DEBUG    root:utils.py:278 Creating empty dict with key ext-002:REQ_ext002_400 for: {UrnId(urn='ms-001', id='REQ_010'): [[AnnotationData(element_kind='CLASS', fully_qualified_name='com.reqstool.example.demo.RequirementsExample'), AnnotationData(element_kind='METHOD', fully_qualified_name='com.reqstool.example.demo.RequirementsExample.firstMethod')]], UrnId(urn='ms-001', id='REQ_020'): [[AnnotationData(element_kind='CLASS', fully_qualified_name='com.reqstool.example.demo.RequirementsExample'), AnnotationData(element_kind='METHOD', fully_qualified_name='com.reqstool.example.demo.RequirementsExample.someMethod')]], UrnId(urn='ext-001', id='REQ_ext001_100'): [[AnnotationData(element_kind='CLASS', fully_qualified_name='com.reqstool.example.demo.RequirementsExample'), AnnotationData(element_kind='METHOD', fully_qualified_name='com.reqstool.example.demo.RequirementsExample.firstMethod')]], UrnId(urn='ext-002', id='REQ_ext002_300'): [[AnnotationData(element_kind='CLASS', fully_qualified_name='com.reqstool.example.demo.RequirementsExample'), AnnotationData(element_kind='METHOD', fully_qualified_name='com.reqstool.example.demo.RequirementsExample.anotherMethod')]]}
DEBUG    root:utils.py:278 Creating empty dict with key ms-001:SVC_010 for: {}
DEBUG    root:utils.py:278 Creating empty dict with key ms-001:SVC_020 for: {UrnId(urn='ms-001', id='SVC_010'): [[AnnotationData(element_kind='METHOD', fully_qualified_name='com.reqstool.example.demo.DemoApplicationTestsIT.contextLoads'), AnnotationData(element_kind='METHOD', fully_qualified_name='com.reqstool.example.demo.SVCsTest.testMethod1'), AnnotationData(element_kind='METHOD', fully_qualified_name='com.reqstool.example.demo.SVCsTest.testMethod1point5')]]}
DEBUG    root:utils.py:278 Creating empty dict with key sys-001:SVC_sys001_500 for: {UrnId(urn='ms-001', id='SVC_010'): [[AnnotationData(element_kind='METHOD', fully_qualified_name='com.reqstool.example.demo.DemoApplicationTestsIT.contextLoads'), AnnotationData(element_kind='METHOD', fully_qualified_name='com.reqstool.example.demo.SVCsTest.testMethod1'), AnnotationData(element_kind='METHOD', fully_qualified_name='com.reqstool.example.demo.SVCsTest.testMethod1point5')]], UrnId(urn='ms-001', id='SVC_020'): [[AnnotationData(element_kind='METHOD', fully_qualified_name='com.reqstool.example.demo.SVCsTest.testMethod2')]]}
DEBUG    root:utils.py:278 Creating empty dict with key ms-001:com.reqstool.example.demo.DemoApplicationTestsIT.contextLoads for: {}
DEBUG    root:utils.py:278 Creating empty dict with key ms-001:com.reqstool.example.demo.SVCsTest.testMethod1 for: {UrnId(urn='ms-001', id='com.reqstool.example.demo.DemoApplicationTestsIT.contextLoads'): [TestData(fully_qualified_name='com.reqstool.example.demo.DemoApplicationTestsIT.contextLoads', status=<TEST_RUN_STATUS.PASSED: 'passed'>)]}
DEBUG    root:utils.py:278 Creating empty dict with key ms-001:com.reqstool.example.demo.SVCsTest.testMethod1point5 for: {UrnId(urn='ms-001', id='com.reqstool.example.demo.DemoApplicationTestsIT.contextLoads'): [TestData(fully_qualified_name='com.reqstool.example.demo.DemoApplicationTestsIT.contextLoads', status=<TEST_RUN_STATUS.PASSED: 'passed'>)], UrnId(urn='ms-001', id='com.reqstool.example.demo.SVCsTest.testMethod1'): [TestData(fully_qualified_name='com.reqstool.example.demo.SVCsTest.testMethod1', status=<TEST_RUN_STATUS.FAILED: 'failed'>)]}
DEBUG    root:utils.py:278 Creating empty dict with key ms-001:com.reqstool.example.demo.SVCsTest.testMethod2 for: {UrnId(urn='ms-001', id='com.reqstool.example.demo.DemoApplicationTestsIT.contextLoads'): [TestData(fully_qualified_name='com.reqstool.example.demo.DemoApplicationTestsIT.contextLoads', status=<TEST_RUN_STATUS.PASSED: 'passed'>)], UrnId(urn='ms-001', id='com.reqstool.example.demo.SVCsTest.testMethod1'): [TestData(fully_qualified_name='com.reqstool.example.demo.SVCsTest.testMethod1', status=<TEST_RUN_STATUS.FAILED: 'failed'>)], UrnId(urn='ms-001', id='com.reqstool.example.demo.SVCsTest.testMethod1point5'): [TestData(fully_qualified_name='com.reqstool.example.demo.SVCsTest.testMethod1point5', status=<TEST_RUN_STATUS.PASSED: 'passed'>)]}
DEBUG    root:utils.py:278 Creating empty dict with key sys-001:com.reqstool.example.demo.SVCsTest.testMethod3 for: {UrnId(urn='ms-001', id='com.reqstool.example.demo.DemoApplicationTestsIT.contextLoads'): [TestData(fully_qualified_name='com.reqstool.example.demo.DemoApplicationTestsIT.contextLoads', status=<TEST_RUN_STATUS.PASSED: 'passed'>)], UrnId(urn='ms-001', id='com.reqstool.example.demo.SVCsTest.testMethod1'): [TestData(fully_qualified_name='com.reqstool.example.demo.SVCsTest.testMethod1', status=<TEST_RUN_STATUS.FAILED: 'failed'>)], UrnId(urn='ms-001', id='com.reqstool.example.demo.SVCsTest.testMethod1point5'): [TestData(fully_qualified_name='com.reqstool.example.demo.SVCsTest.testMethod1point5', status=<TEST_RUN_STATUS.PASSED: 'passed'>)], UrnId(urn='ms-001', id='com.reqstool.example.demo.SVCsTest.testMethod2'): [TestData(fully_qualified_name='com.reqstool.example.demo.SVCsTest.testMethod2', status=<TEST_RUN_STATUS.PASSED: 'passed'>)]}
DEBUG    root:indexed_dataset_filter_processor.py:42 Starting filtering of requirements from ms-001
DEBUG    root:indexed_dataset_filter_processor.py:76 Applying requirements filters for import urn sys-001
DEBUG    root:indexed_dataset_filter_processor.py:81 Import urn sys-001 has access to the following urns: ['ext-001', 'ext-002']
DEBUG    root:indexed_dataset_filter_processor.py:76 Applying requirements filters for import urn ext-001
DEBUG    root:indexed_dataset_filter_processor.py:81 Import urn ext-001 has access to the following urns: []
DEBUG    root:indexed_dataset_filter_processor.py:119 URN ext-001 kept 2 requirements: {UrnId(urn='ext-001', id='REQ_ext001_100'), UrnId(urn='ext-001', id='REQ_ext001_200')}
DEBUG    root:indexed_dataset_filter_processor.py:121 URN ext-001 filtered out 0 requirements: set()
DEBUG    root:indexed_dataset_filter_processor.py:124 Total filtered out 0 requirements URN ext-001 : set()
DEBUG    root:indexed_dataset_filter_processor.py:76 Applying requirements filters for import urn ext-002
DEBUG    root:indexed_dataset_filter_processor.py:81 Import urn ext-002 has access to the following urns: []
DEBUG    root:indexed_dataset_filter_processor.py:119 URN ext-002 kept 3 requirements: {UrnId(urn='ext-002', id='REQ_ext002_400'), UrnId(urn='ext-002', id='REQ_ext002_200'), UrnId(urn='ext-002', id='REQ_ext002_300')}
DEBUG    root:indexed_dataset_filter_processor.py:121 URN ext-002 filtered out 0 requirements: set()
DEBUG    root:indexed_dataset_filter_processor.py:124 Total filtered out 0 requirements URN ext-002 : set()
DEBUG    root:indexed_dataset_filter_processor.py:134 Applying filter for urn ext-001 on 2 accessible reqs: RequirementFilter(urn_ids_imports={UrnId(urn='ext-001', id='REQ_ext001_100')}, urn_ids_excludes=None, custom_imports='ids == "REQ_ext001_100"', custom_exclude=None)
DEBUG    root:indexed_dataset_filter_processor.py:184 Filtering in requirement: ext-001:REQ_ext001_100
DEBUG    root:indexed_dataset_filter_processor.py:186 Filtering OUT requirement: ext-001:REQ_ext001_200
DEBUG    root:indexed_dataset_filter_processor.py:134 Applying filter for urn ext-002 on 3 accessible reqs: RequirementFilter(urn_ids_imports=None, urn_ids_excludes={UrnId(urn='ext-002', id='REQ_ext002_200')}, custom_imports=None, custom_exclude=None)
DEBUG    root:indexed_dataset_filter_processor.py:184 Filtering in requirement: ext-002:REQ_ext002_300
DEBUG    root:indexed_dataset_filter_processor.py:184 Filtering in requirement: ext-002:REQ_ext002_400
DEBUG    root:indexed_dataset_filter_processor.py:186 Filtering OUT requirement: ext-002:REQ_ext002_200
DEBUG    root:indexed_dataset_filter_processor.py:119 URN sys-001 kept 4 requirements: {UrnId(urn='sys-001', id='REQ_sys001_505'), UrnId(urn='ext-002', id='REQ_ext002_400'), UrnId(urn='ext-001', id='REQ_ext001_100'), UrnId(urn='ext-002', id='REQ_ext002_300')}
DEBUG    root:indexed_dataset_filter_processor.py:121 URN sys-001 filtered out 2 requirements: {UrnId(urn='ext-002', id='REQ_ext002_200'), UrnId(urn='ext-001', id='REQ_ext001_200')}
DEBUG    root:indexed_dataset_filter_processor.py:124 Total filtered out 2 requirements URN sys-001 : {UrnId(urn='ext-002', id='REQ_ext002_200'), UrnId(urn='ext-001', id='REQ_ext001_200')}
DEBUG    root:indexed_dataset_filter_processor.py:119 URN ms-001 kept 6 requirements: {UrnId(urn='sys-001', id='REQ_sys001_505'), UrnId(urn='ext-001', id='REQ_ext001_100'), UrnId(urn='ext-002', id='REQ_ext002_300'), UrnId(urn='ms-001', id='REQ_020'), UrnId(urn='ms-001', id='REQ_010'), UrnId(urn='ext-002', id='REQ_ext002_400')}
DEBUG    root:indexed_dataset_filter_processor.py:121 URN ms-001 filtered out 0 requirements: set()
DEBUG    root:indexed_dataset_filter_processor.py:124 Total filtered out 2 requirements URN ms-001 : {UrnId(urn='ext-002', id='REQ_ext002_200'), UrnId(urn='ext-001', id='REQ_ext001_200')}
DEBUG    root:indexed_dataset_filter_processor.py:51 Deleting 2 requirements
DEBUG    root:indexed_dataset_filter_processor.py:52 Deleting requirements: [UrnId(urn='ext-001', id='REQ_ext001_200'), UrnId(urn='ext-002', id='REQ_ext002_200')]
DEBUG    root:indexed_dataset_filter_processor.py:323 Deleting requirement: ext-001:REQ_ext001_200
DEBUG    root:indexed_dataset_filter_processor.py:323 Deleting requirement: ext-002:REQ_ext002_200
DEBUG    root:indexed_dataset_filter_processor.py:58 Requirements left after filtering: 6
DEBUG    root:indexed_dataset_filter_processor.py:61 ms-001:REQ_010
DEBUG    root:indexed_dataset_filter_processor.py:61 ms-001:REQ_020
DEBUG    root:indexed_dataset_filter_processor.py:61 sys-001:REQ_sys001_505
DEBUG    root:indexed_dataset_filter_processor.py:61 ext-001:REQ_ext001_100
DEBUG    root:indexed_dataset_filter_processor.py:61 ext-002:REQ_ext002_300
DEBUG    root:indexed_dataset_filter_processor.py:61 ext-002:REQ_ext002_400
DEBUG    root:indexed_dataset_filter_processor.py:193 Starting filtering of svcs from ms-001
DEBUG    root:indexed_dataset_filter_processor.py:218 Applying svcs filters for import urn sys-001
DEBUG    root:indexed_dataset_filter_processor.py:223 Import urn sys-001 has access to the following urns: ['ext-001', 'ext-002']
DEBUG    root:indexed_dataset_filter_processor.py:218 Applying svcs filters for import urn ext-001
DEBUG    root:indexed_dataset_filter_processor.py:223 Import urn ext-001 has access to the following urns: []
DEBUG    root:indexed_dataset_filter_processor.py:256 URN ext-001 kept 0 svcs: set()
DEBUG    root:indexed_dataset_filter_processor.py:258 URN ext-001 filtered out 0 svcs: set()
DEBUG    root:indexed_dataset_filter_processor.py:261 Total filtered out 0 svcs URN ext-001 : set()
DEBUG    root:indexed_dataset_filter_processor.py:218 Applying svcs filters for import urn ext-002
DEBUG    root:indexed_dataset_filter_processor.py:223 Import urn ext-002 has access to the following urns: []
DEBUG    root:indexed_dataset_filter_processor.py:256 URN ext-002 kept 0 svcs: set()
DEBUG    root:indexed_dataset_filter_processor.py:258 URN ext-002 filtered out 0 svcs: set()
DEBUG    root:indexed_dataset_filter_processor.py:261 Total filtered out 0 svcs URN ext-002 : set()
DEBUG    root:indexed_dataset_filter_processor.py:256 URN sys-001 kept 3 svcs: {UrnId(urn='sys-001', id='SVC_sys001_500'), UrnId(urn='sys-001', id='SVC_sys001_600'), UrnId(urn='sys-001', id='SVC_sys001_000')}
DEBUG    root:indexed_dataset_filter_processor.py:258 URN sys-001 filtered out 0 svcs: set()
DEBUG    root:indexed_dataset_filter_processor.py:261 Total filtered out 0 svcs URN sys-001 : set()
DEBUG    root:indexed_dataset_filter_processor.py:269 Applying filter for urn sys-001 on 3 accessible svcs: SVCFilter(urn_ids_imports={UrnId(urn='sys-001', id='SVC_sys001_500'), UrnId(urn='sys-001', id='SVC_sys001_600')}, urn_ids_excludes=None, custom_imports='ids == "SVC_sys001_500" or ids == "SVC_sys001_600"', custom_exclude=None)
DEBUG    root:indexed_dataset_filter_processor.py:315 Filtering in svcs: sys-001:SVC_sys001_500
DEBUG    root:indexed_dataset_filter_processor.py:315 Filtering in svcs: sys-001:SVC_sys001_600
DEBUG    root:indexed_dataset_filter_processor.py:317 Filtering OUT svcs: sys-001:SVC_sys001_000
DEBUG    root:indexed_dataset_filter_processor.py:256 URN ms-001 kept 9 svcs: {UrnId(urn='ms-001', id='SVC_025'), UrnId(urn='ms-001', id='SVC_030'), UrnId(urn='sys-001', id='SVC_sys001_500'), UrnId(urn='ms-001', id='SVC_022'), UrnId(urn='ms-001', id='SVC_026'), UrnId(urn='sys-001', id='SVC_sys001_600'), UrnId(urn='ms-001', id='SVC_010'), UrnId(urn='ms-001', id='SVC_020'), UrnId(urn='ms-001', id='SVC_021')}
DEBUG    root:indexed_dataset_filter_processor.py:258 URN ms-001 filtered out 1 svcs: {UrnId(urn='sys-001', id='SVC_sys001_000')}
DEBUG    root:indexed_dataset_filter_processor.py:261 Total filtered out 1 svcs URN ms-001 : {UrnId(urn='sys-001', id='SVC_sys001_000')}
DEBUG    root:indexed_dataset_filter_processor.py:197 Deleting 1 svcs
DEBUG    root:indexed_dataset_filter_processor.py:198 Deleting svcs: {UrnId(urn='sys-001', id='SVC_sys001_000')}
DEBUG    root:indexed_dataset_filter_processor.py:344 Deleting svc: sys-001:SVC_sys001_000
DEBUG    root:indexed_dataset_filter_processor.py:204 SVCs left after filtering: 9
DEBUG    root:indexed_dataset_filter_processor.py:207 ms-001:SVC_010
DEBUG    root:indexed_dataset_filter_processor.py:207 ms-001:SVC_020
DEBUG    root:indexed_dataset_filter_processor.py:207 ms-001:SVC_021
DEBUG    root:indexed_dataset_filter_processor.py:207 ms-001:SVC_022
DEBUG    root:indexed_dataset_filter_processor.py:207 ms-001:SVC_025
DEBUG    root:indexed_dataset_filter_processor.py:207 ms-001:SVC_026
DEBUG    root:indexed_dataset_filter_processor.py:207 ms-001:SVC_030
DEBUG    root:indexed_dataset_filter_processor.py:207 sys-001:SVC_sys001_500
DEBUG    root:indexed_dataset_filter_processor.py:207 sys-001:SVC_sys001_600
PASSED
tests/unit/reqstool/commands/generate_json/test_generate_json.py::test_generate_json_filter_req_ids 
-------------------------------- live log call ---------------------------------
DEBUG    root:combined_raw_datasets_generator.py:43 Using temporary path: /tmp/tmpc1eq5drw

INFO     root:combined_raw_datasets_generator.py:181 /tmp/tmpc1eq5drw/8/can_we_use_urn_here
INFO     root:combined_raw_datasets_generator.py:179 * /tmp/tmpc1eq5drw/9/can_we_use_urn_here
INFO     root:combined_raw_datasets_generator.py:179 ** /tmp/tmpc1eq5drw/10/can_we_use_urn_here
DEBUG    root:utils.py:286 Creating empty dict with key ext-001 for: {}
INFO     root:combined_raw_datasets_generator.py:179 ** /tmp/tmpc1eq5drw/11/can_we_use_urn_here
DEBUG    root:utils.py:286 Creating empty dict with key ext-002 for: {'ext-001': []}
DEBUG    root:utils.py:286 Creating empty dict with key sys-001 for: {'ext-001': [], 'ext-002': []}
DEBUG    root:utils.py:286 Creating empty dict with key ms-001 for: {'ext-001': [], 'ext-002': [], 'sys-001': ['ext-001', 'ext-002']}
INFO     root:semantic_validator.py:72 

VALIDATION: [32mPASS[0m


DEBUG    root:utils.py:278 Creating empty dict with key ms-001 for: {}
DEBUG    root:utils.py:278 Creating empty dict with key ms-001:REQ_010 for: {}
DEBUG    root:utils.py:278 Creating empty dict with key ms-001:REQ_020 for: {UrnId(urn='ms-001', id='REQ_010'): [UrnId(urn='ms-001', id='SVC_010')]}
DEBUG    root:utils.py:278 Creating empty dict with key ext-002:REQ_ext002_400 for: {UrnId(urn='ms-001', id='REQ_010'): [UrnId(urn='ms-001', id='SVC_010')], UrnId(urn='ms-001', id='REQ_020'): [UrnId(urn='ms-001', id='SVC_020')]}
DEBUG    root:utils.py:278 Creating empty dict with key ext-001:REQ_ext001_100 for: {UrnId(urn='ms-001', id='REQ_010'): [UrnId(urn='ms-001', id='SVC_010'), UrnId(urn='ms-001', id='SVC_021')], UrnId(urn='ms-001', id='REQ_020'): [UrnId(urn='ms-001', id='SVC_020')], UrnId(urn='ext-002', id='REQ_ext002_400'): [UrnId(urn='ms-001', id='SVC_020')]}
DEBUG    root:utils.py:278 Creating empty dict with key ext-002:REQ_ext002_300 for: {UrnId(urn='ms-001', id='REQ_010'): [UrnId(urn='ms-001', id='SVC_010'), UrnId(urn='ms-001', id='SVC_021')], UrnId(urn='ms-001', id='REQ_020'): [UrnId(urn='ms-001', id='SVC_020'), UrnId(urn='ms-001', id='SVC_022')], UrnId(urn='ext-002', id='REQ_ext002_400'): [UrnId(urn='ms-001', id='SVC_020')], UrnId(urn='ext-001', id='REQ_ext001_100'): [UrnId(urn='ms-001', id='SVC_021')]}
DEBUG    root:utils.py:278 Creating empty dict with key sys-001:REQ_sys001_505 for: {UrnId(urn='ms-001', id='REQ_010'): [UrnId(urn='ms-001', id='SVC_010'), UrnId(urn='ms-001', id='SVC_021')], UrnId(urn='ms-001', id='REQ_020'): [UrnId(urn='ms-001', id='SVC_020'), UrnId(urn='ms-001', id='SVC_022')], UrnId(urn='ext-002', id='REQ_ext002_400'): [UrnId(urn='ms-001', id='SVC_020'), UrnId(urn='ms-001', id='SVC_026')], UrnId(urn='ext-001', id='REQ_ext001_100'): [UrnId(urn='ms-001', id='SVC_021')], UrnId(urn='ext-002', id='REQ_ext002_300'): [UrnId(urn='ms-001', id='SVC_025')]}
DEBUG    root:utils.py:278 Creating empty dict with key sys-001 for: {'ms-001': [UrnId(urn='ms-001', id='SVC_010'), UrnId(urn='ms-001', id='SVC_020'), UrnId(urn='ms-001', id='SVC_021'), UrnId(urn='ms-001', id='SVC_022'), UrnId(urn='ms-001', id='SVC_025'), UrnId(urn='ms-001', id='SVC_026'), UrnId(urn='ms-001', id='SVC_030')]}
DEBUG    root:utils.py:278 Creating empty dict with key ms-001 for: {}
DEBUG    root:utils.py:278 Creating empty dict with key ms-001:SVC_021 for: {}
DEBUG    root:utils.py:278 Creating empty dict with key ms-001:SVC_022 for: {UrnId(urn='ms-001', id='SVC_021'): [UrnId(urn='ms-001', id='MVR_201')]}
DEBUG    root:utils.py:278 Creating empty dict with key ms-001:REQ_010 for: {}
DEBUG    root:utils.py:278 Creating empty dict with key ms-001:REQ_020 for: {UrnId(urn='ms-001', id='REQ_010'): [[AnnotationData(element_kind='CLASS', fully_qualified_name='com.reqstool.example.demo.RequirementsExample'), AnnotationData(element_kind='METHOD', fully_qualified_name='com.reqstool.example.demo.RequirementsExample.firstMethod')]]}
DEBUG    root:utils.py:278 Creating empty dict with key ext-001:REQ_ext001_100 for: {UrnId(urn='ms-001', id='REQ_010'): [[AnnotationData(element_kind='CLASS', fully_qualified_name='com.reqstool.example.demo.RequirementsExample'), AnnotationData(element_kind='METHOD', fully_qualified_name='com.reqstool.example.demo.RequirementsExample.firstMethod')]], UrnId(urn='ms-001', id='REQ_020'): [[AnnotationData(element_kind='CLASS', fully_qualified_name='com.reqstool.example.demo.RequirementsExample'), AnnotationData(element_kind='METHOD', fully_qualified_name='com.reqstool.example.demo.RequirementsExample.someMethod')]]}
DEBUG    root:utils.py:278 Creating empty dict with key ext-002:REQ_ext002_300 for: {UrnId(urn='ms-001', id='REQ_010'): [[AnnotationData(element_kind='CLASS', fully_qualified_name='com.reqstool.example.demo.RequirementsExample'), AnnotationData(element_kind='METHOD', fully_qualified_name='com.reqstool.example.demo.RequirementsExample.firstMethod')]], UrnId(urn='ms-001', id='REQ_020'): [[AnnotationData(element_kind='CLASS', fully_qualified_name='com.reqstool.example.demo.RequirementsExample'), AnnotationData(element_kind='METHOD', fully_qualified_name='com.reqstool.example.demo.RequirementsExample.someMethod')]], UrnId(urn='ext-001', id='REQ_ext001_100'): [[AnnotationData(element_kind='CLASS', fully_qualified_name='com.reqstool.example.demo.RequirementsExample'), AnnotationData(element_kind='METHOD', fully_qualified_name='com.reqstool.example.demo.RequirementsExample.firstMethod')]]}
DEBUG    root:utils.py:278 Creating empty dict with key ext-002:REQ_ext002_400 for: {UrnId(urn='ms-001', id='REQ_010'): [[AnnotationData(element_kind='CLASS', fully_qualified_name='com.reqstool.example.demo.RequirementsExample'), AnnotationData(element_kind='METHOD', fully_qualified_name='com.reqstool.example.demo.RequirementsExample.firstMethod')]], UrnId(urn='ms-001', id='REQ_020'): [[AnnotationData(element_kind='CLASS', fully_qualified_name='com.reqstool.example.demo.RequirementsExample'), AnnotationData(element_kind='METHOD', fully_qualified_name='com.reqstool.example.demo.RequirementsExample.someMethod')]], UrnId(urn='ext-001', id='REQ_ext001_100'): [[AnnotationData(element_kind='CLASS', fully_qualified_name='com.reqstool.example.demo.RequirementsExample'), AnnotationData(element_kind='METHOD', fully_qualified_name='com.reqstool.example.demo.RequirementsExample.firstMethod')]], UrnId(urn='ext-002', id='REQ_ext002_300'): [[AnnotationData(element_kind='CLASS', fully_qualified_name='com.reqstool.example.demo.RequirementsExample'), AnnotationData(element_kind='METHOD', fully_qualified_name='com.reqstool.example.demo.RequirementsExample.anotherMethod')]]}
DEBUG    root:utils.py:278 Creating empty dict with key ms-001:SVC_010 for: {}
DEBUG    root:utils.py:278 Creating empty dict with key ms-001:SVC_020 for: {UrnId(urn='ms-001', id='SVC_010'): [[AnnotationData(element_kind='METHOD', fully_qualified_name='com.reqstool.example.demo.DemoApplicationTestsIT.contextLoads'), AnnotationData(element_kind='METHOD', fully_qualified_name='com.reqstool.example.demo.SVCsTest.testMethod1'), AnnotationData(element_kind='METHOD', fully_qualified_name='com.reqstool.example.demo.SVCsTest.testMethod1point5')]]}
DEBUG    root:utils.py:278 Creating empty dict with key sys-001:SVC_sys001_500 for: {UrnId(urn='ms-001', id='SVC_010'): [[AnnotationData(element_kind='METHOD', fully_qualified_name='com.reqstool.example.demo.DemoApplicationTestsIT.contextLoads'), AnnotationData(element_kind='METHOD', fully_qualified_name='com.reqstool.example.demo.SVCsTest.testMethod1'), AnnotationData(element_kind='METHOD', fully_qualified_name='com.reqstool.example.demo.SVCsTest.testMethod1point5')]], UrnId(urn='ms-001', id='SVC_020'): [[AnnotationData(element_kind='METHOD', fully_qualified_name='com.reqstool.example.demo.SVCsTest.testMethod2')]]}
DEBUG    root:utils.py:278 Creating empty dict with key ms-001:com.reqstool.example.demo.DemoApplicationTestsIT.contextLoads for: {}
DEBUG    root:utils.py:278 Creating empty dict with key ms-001:com.reqstool.example.demo.SVCsTest.testMethod1 for: {UrnId(urn='ms-001', id='com.reqstool.example.demo.DemoApplicationTestsIT.contextLoads'): [TestData(fully_qualified_name='com.reqstool.example.demo.DemoApplicationTestsIT.contextLoads', status=<TEST_RUN_STATUS.PASSED: 'passed'>)]}
DEBUG    root:utils.py:278 Creating empty dict with key ms-001:com.reqstool.example.demo.SVCsTest.testMethod1point5 for: {UrnId(urn='ms-001', id='com.reqstool.example.demo.DemoApplicationTestsIT.contextLoads'): [TestData(fully_qualified_name='com.reqstool.example.demo.DemoApplicationTestsIT.contextLoads', status=<TEST_RUN_STATUS.PASSED: 'passed'>)], UrnId(urn='ms-001', id='com.reqstool.example.demo.SVCsTest.testMethod1'): [TestData(fully_qualified_name='com.reqstool.example.demo.SVCsTest.testMethod1', status=<TEST_RUN_STATUS.FAILED: 'failed'>)]}
DEBUG    root:utils.py:278 Creating empty dict with key ms-001:com.reqstool.example.demo.SVCsTest.testMethod2 for: {UrnId(urn='ms-001', id='com.reqstool.example.demo.DemoApplicationTestsIT.contextLoads'): [TestData(fully_qualified_name='com.reqstool.example.demo.DemoApplicationTestsIT.contextLoads', status=<TEST_RUN_STATUS.PASSED: 'passed'>)], UrnId(urn='ms-001', id='com.reqstool.example.demo.SVCsTest.testMethod1'): [TestData(fully_qualified_name='com.reqstool.example.demo.SVCsTest.testMethod1', status=<TEST_RUN_STATUS.FAILED: 'failed'>)], UrnId(urn='ms-001', id='com.reqstool.example.demo.SVCsTest.testMethod1point5'): [TestData(fully_qualified_name='com.reqstool.example.demo.SVCsTest.testMethod1point5', status=<TEST_RUN_STATUS.PASSED: 'passed'>)]}
DEBUG    root:utils.py:278 Creating empty dict with key sys-001:com.reqstool.example.demo.SVCsTest.testMethod3 for: {UrnId(urn='ms-001', id='com.reqstool.example.demo.DemoApplicationTestsIT.contextLoads'): [TestData(fully_qualified_name='com.reqstool.example.demo.DemoApplicationTestsIT.contextLoads', status=<TEST_RUN_STATUS.PASSED: 'passed'>)], UrnId(urn='ms-001', id='com.reqstool.example.demo.SVCsTest.testMethod1'): [TestData(fully_qualified_name='com.reqstool.example.demo.SVCsTest.testMethod1', status=<TEST_RUN_STATUS.FAILED: 'failed'>)], UrnId(urn='ms-001', id='com.reqstool.example.demo.SVCsTest.testMethod1point5'): [TestData(fully_qualified_name='com.reqstool.example.demo.SVCsTest.testMethod1point5', status=<TEST_RUN_STATUS.PASSED: 'passed'>)], UrnId(urn='ms-001', id='com.reqstool.example.demo.SVCsTest.testMethod2'): [TestData(fully_qualified_name='com.reqstool.example.demo.SVCsTest.testMethod2', status=<TEST_RUN_STATUS.PASSED: 'passed'>)]}
DEBUG    root:indexed_dataset_filter_processor.py:42 Starting filtering of requirements from ms-001
DEBUG    root:indexed_dataset_filter_processor.py:76 Applying requirements filters for import urn sys-001
DEBUG    root:indexed_dataset_filter_processor.py:81 Import urn sys-001 has access to the following urns: ['ext-001', 'ext-002']
DEBUG    root:indexed_dataset_filter_processor.py:76 Applying requirements filters for import urn ext-001
DEBUG    root:indexed_dataset_filter_processor.py:81 Import urn ext-001 has access to the following urns: []
DEBUG    root:indexed_dataset_filter_processor.py:119 URN ext-001 kept 2 requirements: {UrnId(urn='ext-001', id='REQ_ext001_100'), UrnId(urn='ext-001', id='REQ_ext001_200')}
DEBUG    root:indexed_dataset_filter_processor.py:121 URN ext-001 filtered out 0 requirements: set()
DEBUG    root:indexed_dataset_filter_processor.py:124 Total filtered out 0 requirements URN ext-001 : set()
DEBUG    root:indexed_dataset_filter_processor.py:76 Applying requirements filters for import urn ext-002
DEBUG    root:indexed_dataset_filter_processor.py:81 Import urn ext-002 has access to the following urns: []
DEBUG    root:indexed_dataset_filter_processor.py:119 URN ext-002 kept 3 requirements: {UrnId(urn='ext-002', id='REQ_ext002_400'), UrnId(urn='ext-002', id='REQ_ext002_200'), UrnId(urn='ext-002', id='REQ_ext002_300')}
DEBUG    root:indexed_dataset_filter_processor.py:121 URN ext-002 filtered out 0 requirements: set()
DEBUG    root:indexed_dataset_filter_processor.py:124 Total filtered out 0 requirements URN ext-002 : set()
DEBUG    root:indexed_dataset_filter_processor.py:134 Applying filter for urn ext-001 on 2 accessible reqs: RequirementFilter(urn_ids_imports={UrnId(urn='ext-001', id='REQ_ext001_100')}, urn_ids_excludes=None, custom_imports='ids == "REQ_ext001_100"', custom_exclude=None)
DEBUG    root:indexed_dataset_filter_processor.py:184 Filtering in requirement: ext-001:REQ_ext001_100
DEBUG    root:indexed_dataset_filter_processor.py:186 Filtering OUT requirement: ext-001:REQ_ext001_200
DEBUG    root:indexed_dataset_filter_processor.py:134 Applying filter for urn ext-002 on 3 accessible reqs: RequirementFilter(urn_ids_imports=None, urn_ids_excludes={UrnId(urn='ext-002', id='REQ_ext002_200')}, custom_imports=None, custom_exclude=None)
DEBUG    root:indexed_dataset_filter_processor.py:184 Filtering in requirement: ext-002:REQ_ext002_300
DEBUG    root:indexed_dataset_filter_processor.py:184 Filtering in requirement: ext-002:REQ_ext002_400
DEBUG    root:indexed_dataset_filter_processor.py:186 Filtering OUT requirement: ext-002:REQ_ext002_200
DEBUG    root:indexed_dataset_filter_processor.py:119 URN sys-001 kept 4 requirements: {UrnId(urn='sys-001', id='REQ_sys001_505'), UrnId(urn='ext-002', id='REQ_ext002_400'), UrnId(urn='ext-001', id='REQ_ext001_100'), UrnId(urn='ext-002', id='REQ_ext002_300')}
DEBUG    root:indexed_dataset_filter_processor.py:121 URN sys-001 filtered out 2 requirements: {UrnId(urn='ext-002', id='REQ_ext002_200'), UrnId(urn='ext-001', id='REQ_ext001_200')}
DEBUG    root:indexed_dataset_filter_processor.py:124 Total filtered out 2 requirements URN sys-001 : {UrnId(urn='ext-002', id='REQ_ext002_200'), UrnId(urn='ext-001', id='REQ_ext001_200')}
DEBUG    root:indexed_dataset_filter_processor.py:119 URN ms-001 kept 6 requirements: {UrnId(urn='sys-001', id='REQ_sys001_505'), UrnId(urn='ext-001', id='REQ_ext001_100'), UrnId(urn='ext-002', id='REQ_ext002_300'), UrnId(urn='ms-001', id='REQ_020'), UrnId(urn='ms-001', id='REQ_010'), UrnId(urn='ext-002', id='REQ_ext002_400')}
DEBUG    root:indexed_dataset_filter_processor.py:121 URN ms-001 filtered out 0 requirements: set()
DEBUG    root:indexed_dataset_filter_processor.py:124 Total filtered out 2 requirements URN ms-001 : {UrnId(urn='ext-002', id='REQ_ext002_200'), UrnId(urn='ext-001', id='REQ_ext001_200')}
DEBUG    root:indexed_dataset_filter_processor.py:51 Deleting 2 requirements
DEBUG    root:indexed_dataset_filter_processor.py:52 Deleting requirements: [UrnId(urn='ext-001', id='REQ_ext001_200'), UrnId(urn='ext-002', id='REQ_ext002_200')]
DEBUG    root:indexed_dataset_filter_processor.py:323 Deleting requirement: ext-001:REQ_ext001_200
DEBUG    root:indexed_dataset_filter_processor.py:323 Deleting requirement: ext-002:REQ_ext002_200
DEBUG    root:indexed_dataset_filter_processor.py:58 Requirements left after filtering: 6
DEBUG    root:indexed_dataset_filter_processor.py:61 ms-001:REQ_010
DEBUG    root:indexed_dataset_filter_processor.py:61 ms-001:REQ_020
DEBUG    root:indexed_dataset_filter_processor.py:61 sys-001:REQ_sys001_505
DEBUG    root:indexed_dataset_filter_processor.py:61 ext-001:REQ_ext001_100
DEBUG    root:indexed_dataset_filter_processor.py:61 ext-002:REQ_ext002_300
DEBUG    root:indexed_dataset_filter_processor.py:61 ext-002:REQ_ext002_400
DEBUG    root:indexed_dataset_filter_processor.py:193 Starting filtering of svcs from ms-001
DEBUG    root:indexed_dataset_filter_processor.py:218 Applying svcs filters for import urn sys-001
DEBUG    root:indexed_dataset_filter_processor.py:223 Import urn sys-001 has access to the following urns: ['ext-001', 'ext-002']
DEBUG    root:indexed_dataset_filter_processor.py:218 Applying svcs filters for import urn ext-001
DEBUG    root:indexed_dataset_filter_processor.py:223 Import urn ext-001 has access to the following urns: []
DEBUG    root:indexed_dataset_filter_processor.py:256 URN ext-001 kept 0 svcs: set()
DEBUG    root:indexed_dataset_filter_processor.py:258 URN ext-001 filtered out 0 svcs: set()
DEBUG    root:indexed_dataset_filter_processor.py:261 Total filtered out 0 svcs URN ext-001 : set()
DEBUG    root:indexed_dataset_filter_processor.py:218 Applying svcs filters for import urn ext-002
DEBUG    root:indexed_dataset_filter_processor.py:223 Import urn ext-002 has access to the following urns: []
DEBUG    root:indexed_dataset_filter_processor.py:256 URN ext-002 kept 0 svcs: set()
DEBUG    root:indexed_dataset_filter_processor.py:258 URN ext-002 filtered out 0 svcs: set()
DEBUG    root:indexed_dataset_filter_processor.py:261 Total filtered out 0 svcs URN ext-002 : set()
DEBUG    root:indexed_dataset_filter_processor.py:256 URN sys-001 kept 3 svcs: {UrnId(urn='sys-001', id='SVC_sys001_500'), UrnId(urn='sys-001', id='SVC_sys001_600'), UrnId(urn='sys-001', id='SVC_sys001_000')}
DEBUG    root:indexed_dataset_filter_processor.py:258 URN sys-001 filtered out 0 svcs: set()
DEBUG    root:indexed_dataset_filter_processor.py:261 Total filtered out 0 svcs URN sys-001 : set()
DEBUG    root:indexed_dataset_filter_processor.py:269 Applying filter for urn sys-001 on 3 accessible svcs: SVCFilter(urn_ids_imports={UrnId(urn='sys-001', id='SVC_sys001_500'), UrnId(urn='sys-001', id='SVC_sys001_600')}, urn_ids_excludes=None, custom_imports='ids == "SVC_sys001_500" or ids == "SVC_sys001_600"', custom_exclude=None)
DEBUG    root:indexed_dataset_filter_processor.py:315 Filtering in svcs: sys-001:SVC_sys001_500
DEBUG    root:indexed_dataset_filter_processor.py:315 Filtering in svcs: sys-001:SVC_sys001_600
DEBUG    root:indexed_dataset_filter_processor.py:317 Filtering OUT svcs: sys-001:SVC_sys001_000
DEBUG    root:indexed_dataset_filter_processor.py:256 URN ms-001 kept 9 svcs: {UrnId(urn='ms-001', id='SVC_025'), UrnId(urn='ms-001', id='SVC_030'), UrnId(urn='sys-001', id='SVC_sys001_500'), UrnId(urn='ms-001', id='SVC_022'), UrnId(urn='ms-001', id='SVC_026'), UrnId(urn='sys-001', id='SVC_sys001_600'), UrnId(urn='ms-001', id='SVC_010'), UrnId(urn='ms-001', id='SVC_020'), UrnId(urn='ms-001', id='SVC_021')}
DEBUG    root:indexed_dataset_filter_processor.py:258 URN ms-001 filtered out 1 svcs: {UrnId(urn='sys-001', id='SVC_sys001_000')}
DEBUG    root:indexed_dataset_filter_processor.py:261 Total filtered out 1 svcs URN ms-001 : {UrnId(urn='sys-001', id='SVC_sys001_000')}
DEBUG    root:indexed_dataset_filter_processor.py:197 Deleting 1 svcs
DEBUG    root:indexed_dataset_filter_processor.py:198 Deleting svcs: {UrnId(urn='sys-001', id='SVC_sys001_000')}
DEBUG    root:indexed_dataset_filter_processor.py:344 Deleting svc: sys-001:SVC_sys001_000
DEBUG    root:indexed_dataset_filter_processor.py:204 SVCs left after filtering: 9
DEBUG    root:indexed_dataset_filter_processor.py:207 ms-001:SVC_010
DEBUG    root:indexed_dataset_filter_processor.py:207 ms-001:SVC_020
DEBUG    root:indexed_dataset_filter_processor.py:207 ms-001:SVC_021
DEBUG    root:indexed_dataset_filter_processor.py:207 ms-001:SVC_022
DEBUG    root:indexed_dataset_filter_processor.py:207 ms-001:SVC_025
DEBUG    root:indexed_dataset_filter_processor.py:207 ms-001:SVC_026
DEBUG    root:indexed_dataset_filter_processor.py:207 ms-001:SVC_030
DEBUG    root:indexed_dataset_filter_processor.py:207 sys-001:SVC_sys001_500
DEBUG    root:indexed_dataset_filter_processor.py:207 sys-001:SVC_sys001_600
PASSED
tests/unit/reqstool/commands/generate_json/test_generate_json.py::test_generate_json_filter_multiple_req_ids 
-------------------------------- live log call ---------------------------------
DEBUG    root:combined_raw_datasets_generator.py:43 Using temporary path: /tmp/tmpc1eq5drw

INFO     root:combined_raw_datasets_generator.py:181 /tmp/tmpc1eq5drw/12/can_we_use_urn_here
INFO     root:combined_raw_datasets_generator.py:179 * /tmp/tmpc1eq5drw/13/can_we_use_urn_here
INFO     root:combined_raw_datasets_generator.py:179 ** /tmp/tmpc1eq5drw/14/can_we_use_urn_here
DEBUG    root:utils.py:286 Creating empty dict with key ext-001 for: {}
INFO     root:combined_raw_datasets_generator.py:179 ** /tmp/tmpc1eq5drw/15/can_we_use_urn_here
DEBUG    root:utils.py:286 Creating empty dict with key ext-002 for: {'ext-001': []}
DEBUG    root:utils.py:286 Creating empty dict with key sys-001 for: {'ext-001': [], 'ext-002': []}
DEBUG    root:utils.py:286 Creating empty dict with key ms-001 for: {'ext-001': [], 'ext-002': [], 'sys-001': ['ext-001', 'ext-002']}
INFO     root:semantic_validator.py:72 

VALIDATION: [32mPASS[0m


DEBUG    root:utils.py:278 Creating empty dict with key ms-001 for: {}
DEBUG    root:utils.py:278 Creating empty dict with key ms-001:REQ_010 for: {}
DEBUG    root:utils.py:278 Creating empty dict with key ms-001:REQ_020 for: {UrnId(urn='ms-001', id='REQ_010'): [UrnId(urn='ms-001', id='SVC_010')]}
DEBUG    root:utils.py:278 Creating empty dict with key ext-002:REQ_ext002_400 for: {UrnId(urn='ms-001', id='REQ_010'): [UrnId(urn='ms-001', id='SVC_010')], UrnId(urn='ms-001', id='REQ_020'): [UrnId(urn='ms-001', id='SVC_020')]}
DEBUG    root:utils.py:278 Creating empty dict with key ext-001:REQ_ext001_100 for: {UrnId(urn='ms-001', id='REQ_010'): [UrnId(urn='ms-001', id='SVC_010'), UrnId(urn='ms-001', id='SVC_021')], UrnId(urn='ms-001', id='REQ_020'): [UrnId(urn='ms-001', id='SVC_020')], UrnId(urn='ext-002', id='REQ_ext002_400'): [UrnId(urn='ms-001', id='SVC_020')]}
DEBUG    root:utils.py:278 Creating empty dict with key ext-002:REQ_ext002_300 for: {UrnId(urn='ms-001', id='REQ_010'): [UrnId(urn='ms-001', id='SVC_010'), UrnId(urn='ms-001', id='SVC_021')], UrnId(urn='ms-001', id='REQ_020'): [UrnId(urn='ms-001', id='SVC_020'), UrnId(urn='ms-001', id='SVC_022')], UrnId(urn='ext-002', id='REQ_ext002_400'): [UrnId(urn='ms-001', id='SVC_020')], UrnId(urn='ext-001', id='REQ_ext001_100'): [UrnId(urn='ms-001', id='SVC_021')]}
DEBUG    root:utils.py:278 Creating empty dict with key sys-001:REQ_sys001_505 for: {UrnId(urn='ms-001', id='REQ_010'): [UrnId(urn='ms-001', id='SVC_010'), UrnId(urn='ms-001', id='SVC_021')], UrnId(urn='ms-001', id='REQ_020'): [UrnId(urn='ms-001', id='SVC_020'), UrnId(urn='ms-001', id='SVC_022')], UrnId(urn='ext-002', id='REQ_ext002_400'): [UrnId(urn='ms-001', id='SVC_020'), UrnId(urn='ms-001', id='SVC_026')], UrnId(urn='ext-001', id='REQ_ext001_100'): [UrnId(urn='ms-001', id='SVC_021')], UrnId(urn='ext-002', id='REQ_ext002_300'): [UrnId(urn='ms-001', id='SVC_025')]}
DEBUG    root:utils.py:278 Creating empty dict with key sys-001 for: {'ms-001': [UrnId(urn='ms-001', id='SVC_010'), UrnId(urn='ms-001', id='SVC_020'), UrnId(urn='ms-001', id='SVC_021'), UrnId(urn='ms-001', id='SVC_022'), UrnId(urn='ms-001', id='SVC_025'), UrnId(urn='ms-001', id='SVC_026'), UrnId(urn='ms-001', id='SVC_030')]}
DEBUG    root:utils.py:278 Creating empty dict with key ms-001 for: {}
DEBUG    root:utils.py:278 Creating empty dict with key ms-001:SVC_021 for: {}
DEBUG    root:utils.py:278 Creating empty dict with key ms-001:SVC_022 for: {UrnId(urn='ms-001', id='SVC_021'): [UrnId(urn='ms-001', id='MVR_201')]}
DEBUG    root:utils.py:278 Creating empty dict with key ms-001:REQ_010 for: {}
DEBUG    root:utils.py:278 Creating empty dict with key ms-001:REQ_020 for: {UrnId(urn='ms-001', id='REQ_010'): [[AnnotationData(element_kind='CLASS', fully_qualified_name='com.reqstool.example.demo.RequirementsExample'), AnnotationData(element_kind='METHOD', fully_qualified_name='com.reqstool.example.demo.RequirementsExample.firstMethod')]]}
DEBUG    root:utils.py:278 Creating empty dict with key ext-001:REQ_ext001_100 for: {UrnId(urn='ms-001', id='REQ_010'): [[AnnotationData(element_kind='CLASS', fully_qualified_name='com.reqstool.example.demo.RequirementsExample'), AnnotationData(element_kind='METHOD', fully_qualified_name='com.reqstool.example.demo.RequirementsExample.firstMethod')]], UrnId(urn='ms-001', id='REQ_020'): [[AnnotationData(element_kind='CLASS', fully_qualified_name='com.reqstool.example.demo.RequirementsExample'), AnnotationData(element_kind='METHOD', fully_qualified_name='com.reqstool.example.demo.RequirementsExample.someMethod')]]}
DEBUG    root:utils.py:278 Creating empty dict with key ext-002:REQ_ext002_300 for: {UrnId(urn='ms-001', id='REQ_010'): [[AnnotationData(element_kind='CLASS', fully_qualified_name='com.reqstool.example.demo.RequirementsExample'), AnnotationData(element_kind='METHOD', fully_qualified_name='com.reqstool.example.demo.RequirementsExample.firstMethod')]], UrnId(urn='ms-001', id='REQ_020'): [[AnnotationData(element_kind='CLASS', fully_qualified_name='com.reqstool.example.demo.RequirementsExample'), AnnotationData(element_kind='METHOD', fully_qualified_name='com.reqstool.example.demo.RequirementsExample.someMethod')]], UrnId(urn='ext-001', id='REQ_ext001_100'): [[AnnotationData(element_kind='CLASS', fully_qualified_name='com.reqstool.example.demo.RequirementsExample'), AnnotationData(element_kind='METHOD', fully_qualified_name='com.reqstool.example.demo.RequirementsExample.firstMethod')]]}
DEBUG    root:utils.py:278 Creating empty dict with key ext-002:REQ_ext002_400 for: {UrnId(urn='ms-001', id='REQ_010'): [[AnnotationData(element_kind='CLASS', fully_qualified_name='com.reqstool.example.demo.RequirementsExample'), AnnotationData(element_kind='METHOD', fully_qualified_name='com.reqstool.example.demo.RequirementsExample.firstMethod')]], UrnId(urn='ms-001', id='REQ_020'): [[AnnotationData(element_kind='CLASS', fully_qualified_name='com.reqstool.example.demo.RequirementsExample'), AnnotationData(element_kind='METHOD', fully_qualified_name='com.reqstool.example.demo.RequirementsExample.someMethod')]], UrnId(urn='ext-001', id='REQ_ext001_100'): [[AnnotationData(element_kind='CLASS', fully_qualified_name='com.reqstool.example.demo.RequirementsExample'), AnnotationData(element_kind='METHOD', fully_qualified_name='com.reqstool.example.demo.RequirementsExample.firstMethod')]], UrnId(urn='ext-002', id='REQ_ext002_300'): [[AnnotationData(element_kind='CLASS', fully_qualified_name='com.reqstool.example.demo.RequirementsExample'), AnnotationData(element_kind='METHOD', fully_qualified_name='com.reqstool.example.demo.RequirementsExample.anotherMethod')]]}
DEBUG    root:utils.py:278 Creating empty dict with key ms-001:SVC_010 for: {}
DEBUG    root:utils.py:278 Creating empty dict with key ms-001:SVC_020 for: {UrnId(urn='ms-001', id='SVC_010'): [[AnnotationData(element_kind='METHOD', fully_qualified_name='com.reqstool.example.demo.DemoApplicationTestsIT.contextLoads'), AnnotationData(element_kind='METHOD', fully_qualified_name='com.reqstool.example.demo.SVCsTest.testMethod1'), AnnotationData(element_kind='METHOD', fully_qualified_name='com.reqstool.example.demo.SVCsTest.testMethod1point5')]]}
DEBUG    root:utils.py:278 Creating empty dict with key sys-001:SVC_sys001_500 for: {UrnId(urn='ms-001', id='SVC_010'): [[AnnotationData(element_kind='METHOD', fully_qualified_name='com.reqstool.example.demo.DemoApplicationTestsIT.contextLoads'), AnnotationData(element_kind='METHOD', fully_qualified_name='com.reqstool.example.demo.SVCsTest.testMethod1'), AnnotationData(element_kind='METHOD', fully_qualified_name='com.reqstool.example.demo.SVCsTest.testMethod1point5')]], UrnId(urn='ms-001', id='SVC_020'): [[AnnotationData(element_kind='METHOD', fully_qualified_name='com.reqstool.example.demo.SVCsTest.testMethod2')]]}
DEBUG    root:utils.py:278 Creating empty dict with key ms-001:com.reqstool.example.demo.DemoApplicationTestsIT.contextLoads for: {}
DEBUG    root:utils.py:278 Creating empty dict with key ms-001:com.reqstool.example.demo.SVCsTest.testMethod1 for: {UrnId(urn='ms-001', id='com.reqstool.example.demo.DemoApplicationTestsIT.contextLoads'): [TestData(fully_qualified_name='com.reqstool.example.demo.DemoApplicationTestsIT.contextLoads', status=<TEST_RUN_STATUS.PASSED: 'passed'>)]}
DEBUG    root:utils.py:278 Creating empty dict with key ms-001:com.reqstool.example.demo.SVCsTest.testMethod1point5 for: {UrnId(urn='ms-001', id='com.reqstool.example.demo.DemoApplicationTestsIT.contextLoads'): [TestData(fully_qualified_name='com.reqstool.example.demo.DemoApplicationTestsIT.contextLoads', status=<TEST_RUN_STATUS.PASSED: 'passed'>)], UrnId(urn='ms-001', id='com.reqstool.example.demo.SVCsTest.testMethod1'): [TestData(fully_qualified_name='com.reqstool.example.demo.SVCsTest.testMethod1', status=<TEST_RUN_STATUS.FAILED: 'failed'>)]}
DEBUG    root:utils.py:278 Creating empty dict with key ms-001:com.reqstool.example.demo.SVCsTest.testMethod2 for: {UrnId(urn='ms-001', id='com.reqstool.example.demo.DemoApplicationTestsIT.contextLoads'): [TestData(fully_qualified_name='com.reqstool.example.demo.DemoApplicationTestsIT.contextLoads', status=<TEST_RUN_STATUS.PASSED: 'passed'>)], UrnId(urn='ms-001', id='com.reqstool.example.demo.SVCsTest.testMethod1'): [TestData(fully_qualified_name='com.reqstool.example.demo.SVCsTest.testMethod1', status=<TEST_RUN_STATUS.FAILED: 'failed'>)], UrnId(urn='ms-001', id='com.reqstool.example.demo.SVCsTest.testMethod1point5'): [TestData(fully_qualified_name='com.reqstool.example.demo.SVCsTest.testMethod1point5', status=<TEST_RUN_STATUS.PASSED: 'passed'>)]}
DEBUG    root:utils.py:278 Creating empty dict with key sys-001:com.reqstool.example.demo.SVCsTest.testMethod3 for: {UrnId(urn='ms-001', id='com.reqstool.example.demo.DemoApplicationTestsIT.contextLoads'): [TestData(fully_qualified_name='com.reqstool.example.demo.DemoApplicationTestsIT.contextLoads', status=<TEST_RUN_STATUS.PASSED: 'passed'>)], UrnId(urn='ms-001', id='com.reqstool.example.demo.SVCsTest.testMethod1'): [TestData(fully_qualified_name='com.reqstool.example.demo.SVCsTest.testMethod1', status=<TEST_RUN_STATUS.FAILED: 'failed'>)], UrnId(urn='ms-001', id='com.reqstool.example.demo.SVCsTest.testMethod1point5'): [TestData(fully_qualified_name='com.reqstool.example.demo.SVCsTest.testMethod1point5', status=<TEST_RUN_STATUS.PASSED: 'passed'>)], UrnId(urn='ms-001', id='com.reqstool.example.demo.SVCsTest.testMethod2'): [TestData(fully_qualified_name='com.reqstool.example.demo.SVCsTest.testMethod2', status=<TEST_RUN_STATUS.PASSED: 'passed'>)]}
DEBUG    root:indexed_dataset_filter_processor.py:42 Starting filtering of requirements from ms-001
DEBUG    root:indexed_dataset_filter_processor.py:76 Applying requirements filters for import urn sys-001
DEBUG    root:indexed_dataset_filter_processor.py:81 Import urn sys-001 has access to the following urns: ['ext-001', 'ext-002']
DEBUG    root:indexed_dataset_filter_processor.py:76 Applying requirements filters for import urn ext-001
DEBUG    root:indexed_dataset_filter_processor.py:81 Import urn ext-001 has access to the following urns: []
DEBUG    root:indexed_dataset_filter_processor.py:119 URN ext-001 kept 2 requirements: {UrnId(urn='ext-001', id='REQ_ext001_100'), UrnId(urn='ext-001', id='REQ_ext001_200')}
DEBUG    root:indexed_dataset_filter_processor.py:121 URN ext-001 filtered out 0 requirements: set()
DEBUG    root:indexed_dataset_filter_processor.py:124 Total filtered out 0 requirements URN ext-001 : set()
DEBUG    root:indexed_dataset_filter_processor.py:76 Applying requirements filters for import urn ext-002
DEBUG    root:indexed_dataset_filter_processor.py:81 Import urn ext-002 has access to the following urns: []
DEBUG    root:indexed_dataset_filter_processor.py:119 URN ext-002 kept 3 requirements: {UrnId(urn='ext-002', id='REQ_ext002_400'), UrnId(urn='ext-002', id='REQ_ext002_200'), UrnId(urn='ext-002', id='REQ_ext002_300')}
DEBUG    root:indexed_dataset_filter_processor.py:121 URN ext-002 filtered out 0 requirements: set()
DEBUG    root:indexed_dataset_filter_processor.py:124 Total filtered out 0 requirements URN ext-002 : set()
DEBUG    root:indexed_dataset_filter_processor.py:134 Applying filter for urn ext-001 on 2 accessible reqs: RequirementFilter(urn_ids_imports={UrnId(urn='ext-001', id='REQ_ext001_100')}, urn_ids_excludes=None, custom_imports='ids == "REQ_ext001_100"', custom_exclude=None)
DEBUG    root:indexed_dataset_filter_processor.py:184 Filtering in requirement: ext-001:REQ_ext001_100
DEBUG    root:indexed_dataset_filter_processor.py:186 Filtering OUT requirement: ext-001:REQ_ext001_200
DEBUG    root:indexed_dataset_filter_processor.py:134 Applying filter for urn ext-002 on 3 accessible reqs: RequirementFilter(urn_ids_imports=None, urn_ids_excludes={UrnId(urn='ext-002', id='REQ_ext002_200')}, custom_imports=None, custom_exclude=None)
DEBUG    root:indexed_dataset_filter_processor.py:184 Filtering in requirement: ext-002:REQ_ext002_300
DEBUG    root:indexed_dataset_filter_processor.py:184 Filtering in requirement: ext-002:REQ_ext002_400
DEBUG    root:indexed_dataset_filter_processor.py:186 Filtering OUT requirement: ext-002:REQ_ext002_200
DEBUG    root:indexed_dataset_filter_processor.py:119 URN sys-001 kept 4 requirements: {UrnId(urn='sys-001', id='REQ_sys001_505'), UrnId(urn='ext-002', id='REQ_ext002_400'), UrnId(urn='ext-001', id='REQ_ext001_100'), UrnId(urn='ext-002', id='REQ_ext002_300')}
DEBUG    root:indexed_dataset_filter_processor.py:121 URN sys-001 filtered out 2 requirements: {UrnId(urn='ext-002', id='REQ_ext002_200'), UrnId(urn='ext-001', id='REQ_ext001_200')}
DEBUG    root:indexed_dataset_filter_processor.py:124 Total filtered out 2 requirements URN sys-001 : {UrnId(urn='ext-002', id='REQ_ext002_200'), UrnId(urn='ext-001', id='REQ_ext001_200')}
DEBUG    root:indexed_dataset_filter_processor.py:119 URN ms-001 kept 6 requirements: {UrnId(urn='sys-001', id='REQ_sys001_505'), UrnId(urn='ext-001', id='REQ_ext001_100'), UrnId(urn='ext-002', id='REQ_ext002_300'), UrnId(urn='ms-001', id='REQ_020'), UrnId(urn='ms-001', id='REQ_010'), UrnId(urn='ext-002', id='REQ_ext002_400')}
DEBUG    root:indexed_dataset_filter_processor.py:121 URN ms-001 filtered out 0 requirements: set()
DEBUG    root:indexed_dataset_filter_processor.py:124 Total filtered out 2 requirements URN ms-001 : {UrnId(urn='ext-002', id='REQ_ext002_200'), UrnId(urn='ext-001', id='REQ_ext001_200')}
DEBUG    root:indexed_dataset_filter_processor.py:51 Deleting 2 requirements
DEBUG    root:indexed_dataset_filter_processor.py:52 Deleting requirements: [UrnId(urn='ext-001', id='REQ_ext001_200'), UrnId(urn='ext-002', id='REQ_ext002_200')]
DEBUG    root:indexed_dataset_filter_processor.py:323 Deleting requirement: ext-001:REQ_ext001_200
DEBUG    root:indexed_dataset_filter_processor.py:323 Deleting requirement: ext-002:REQ_ext002_200
DEBUG    root:indexed_dataset_filter_processor.py:58 Requirements left after filtering: 6
DEBUG    root:indexed_dataset_filter_processor.py:61 ms-001:REQ_010
DEBUG    root:indexed_dataset_filter_processor.py:61 ms-001:REQ_020
DEBUG    root:indexed_dataset_filter_processor.py:61 sys-001:REQ_sys001_505
DEBUG    root:indexed_dataset_filter_processor.py:61 ext-001:REQ_ext001_100
DEBUG    root:indexed_dataset_filter_processor.py:61 ext-002:REQ_ext002_300
DEBUG    root:indexed_dataset_filter_processor.py:61 ext-002:REQ_ext002_400
DEBUG    root:indexed_dataset_filter_processor.py:193 Starting filtering of svcs from ms-001
DEBUG    root:indexed_dataset_filter_processor.py:218 Applying svcs filters for import urn sys-001
DEBUG    root:indexed_dataset_filter_processor.py:223 Import urn sys-001 has access to the following urns: ['ext-001', 'ext-002']
DEBUG    root:indexed_dataset_filter_processor.py:218 Applying svcs filters for import urn ext-001
DEBUG    root:indexed_dataset_filter_processor.py:223 Import urn ext-001 has access to the following urns: []
DEBUG    root:indexed_dataset_filter_processor.py:256 URN ext-001 kept 0 svcs: set()
DEBUG    root:indexed_dataset_filter_processor.py:258 URN ext-001 filtered out 0 svcs: set()
DEBUG    root:indexed_dataset_filter_processor.py:261 Total filtered out 0 svcs URN ext-001 : set()
DEBUG    root:indexed_dataset_filter_processor.py:218 Applying svcs filters for import urn ext-002
DEBUG    root:indexed_dataset_filter_processor.py:223 Import urn ext-002 has access to the following urns: []
DEBUG    root:indexed_dataset_filter_processor.py:256 URN ext-002 kept 0 svcs: set()
DEBUG    root:indexed_dataset_filter_processor.py:258 URN ext-002 filtered out 0 svcs: set()
DEBUG    root:indexed_dataset_filter_processor.py:261 Total filtered out 0 svcs URN ext-002 : set()
DEBUG    root:indexed_dataset_filter_processor.py:256 URN sys-001 kept 3 svcs: {UrnId(urn='sys-001', id='SVC_sys001_500'), UrnId(urn='sys-001', id='SVC_sys001_600'), UrnId(urn='sys-001', id='SVC_sys001_000')}
DEBUG    root:indexed_dataset_filter_processor.py:258 URN sys-001 filtered out 0 svcs: set()
DEBUG    root:indexed_dataset_filter_processor.py:261 Total filtered out 0 svcs URN sys-001 : set()
DEBUG    root:indexed_dataset_filter_processor.py:269 Applying filter for urn sys-001 on 3 accessible svcs: SVCFilter(urn_ids_imports={UrnId(urn='sys-001', id='SVC_sys001_500'), UrnId(urn='sys-001', id='SVC_sys001_600')}, urn_ids_excludes=None, custom_imports='ids == "SVC_sys001_500" or ids == "SVC_sys001_600"', custom_exclude=None)
DEBUG    root:indexed_dataset_filter_processor.py:315 Filtering in svcs: sys-001:SVC_sys001_500
DEBUG    root:indexed_dataset_filter_processor.py:315 Filtering in svcs: sys-001:SVC_sys001_600
DEBUG    root:indexed_dataset_filter_processor.py:317 Filtering OUT svcs: sys-001:SVC_sys001_000
DEBUG    root:indexed_dataset_filter_processor.py:256 URN ms-001 kept 9 svcs: {UrnId(urn='ms-001', id='SVC_025'), UrnId(urn='ms-001', id='SVC_030'), UrnId(urn='sys-001', id='SVC_sys001_500'), UrnId(urn='ms-001', id='SVC_022'), UrnId(urn='ms-001', id='SVC_026'), UrnId(urn='sys-001', id='SVC_sys001_600'), UrnId(urn='ms-001', id='SVC_010'), UrnId(urn='ms-001', id='SVC_020'), UrnId(urn='ms-001', id='SVC_021')}
DEBUG    root:indexed_dataset_filter_processor.py:258 URN ms-001 filtered out 1 svcs: {UrnId(urn='sys-001', id='SVC_sys001_000')}
DEBUG    root:indexed_dataset_filter_processor.py:261 Total filtered out 1 svcs URN ms-001 : {UrnId(urn='sys-001', id='SVC_sys001_000')}
DEBUG    root:indexed_dataset_filter_processor.py:197 Deleting 1 svcs
DEBUG    root:indexed_dataset_filter_processor.py:198 Deleting svcs: {UrnId(urn='sys-001', id='SVC_sys001_000')}
DEBUG    root:indexed_dataset_filter_processor.py:344 Deleting svc: sys-001:SVC_sys001_000
DEBUG    root:indexed_dataset_filter_processor.py:204 SVCs left after filtering: 9
DEBUG    root:indexed_dataset_filter_processor.py:207 ms-001:SVC_010
DEBUG    root:indexed_dataset_filter_processor.py:207 ms-001:SVC_020
DEBUG    root:indexed_dataset_filter_processor.py:207 ms-001:SVC_021
DEBUG    root:indexed_dataset_filter_processor.py:207 ms-001:SVC_022
DEBUG    root:indexed_dataset_filter_processor.py:207 ms-001:SVC_025
DEBUG    root:indexed_dataset_filter_processor.py:207 ms-001:SVC_026
DEBUG    root:indexed_dataset_filter_processor.py:207 ms-001:SVC_030
DEBUG    root:indexed_dataset_filter_processor.py:207 sys-001:SVC_sys001_500
DEBUG    root:indexed_dataset_filter_processor.py:207 sys-001:SVC_sys001_600
PASSED
tests/unit/reqstool/commands/generate_json/test_generate_json.py::test_generate_json_filter_svc_ids 
-------------------------------- live log call ---------------------------------
DEBUG    root:combined_raw_datasets_generator.py:43 Using temporary path: /tmp/tmpc1eq5drw

INFO     root:combined_raw_datasets_generator.py:181 /tmp/tmpc1eq5drw/16/can_we_use_urn_here
INFO     root:combined_raw_datasets_generator.py:179 * /tmp/tmpc1eq5drw/17/can_we_use_urn_here
INFO     root:combined_raw_datasets_generator.py:179 ** /tmp/tmpc1eq5drw/18/can_we_use_urn_here
[...]
DEBUG    root:indexed_dataset_filter_processor.py:261 Total filtered out 1 svcs URN ms-001 : {UrnId(urn='sys-001', id='SVC_sys001_B')}
DEBUG    root:indexed_dataset_filter_processor.py:197 Deleting 1 svcs
DEBUG    root:indexed_dataset_filter_processor.py:198 Deleting svcs: {UrnId(urn='sys-001', id='SVC_sys001_B')}
DEBUG    root:indexed_dataset_filter_processor.py:344 Deleting svc: sys-001:SVC_sys001_B
DEBUG    root:indexed_dataset_filter_processor.py:369 Deleting mvr: ms-001:MVR_ms001_001
DEBUG    root:indexed_dataset_filter_processor.py:204 SVCs left after filtering: 2
DEBUG    root:indexed_dataset_filter_processor.py:207 ms-001:SVC_ms001_001
DEBUG    root:indexed_dataset_filter_processor.py:207 sys-001:SVC_sys001_A
PASSED
tests/unit/reqstool/model_generators/test_combined_raw_datasets_generator.py::test_basic_local 
-------------------------------- live log call ---------------------------------
DEBUG    root:combined_raw_datasets_generator.py:43 Using temporary path: /tmp/tmpc1eq5drw

INFO     root:combined_raw_datasets_generator.py:181 /tmp/tmpc1eq5drw/139/can_we_use_urn_here
DEBUG    root:utils.py:286 Creating empty dict with key ms-101 for: {}
INFO     root:semantic_validator.py:72 

VALIDATION: [32mPASS[0m


PASSED
tests/unit/reqstool/model_generators/test_combined_raw_datasets_generator.py::test_basic_requirements_config 
-------------------------------- live log call ---------------------------------
DEBUG    root:combined_raw_datasets_generator.py:43 Using temporary path: /tmp/tmpc1eq5drw

INFO     root:combined_raw_datasets_generator.py:181 /tmp/tmpc1eq5drw/140/can_we_use_urn_here
DEBUG    root:utils.py:286 Creating empty dict with key ms-101 for: {}
INFO     root:semantic_validator.py:72 

VALIDATION: [32mPASS[0m


PASSED
tests/unit/reqstool/model_generators/test_combined_raw_datasets_generator.py::test_standard_ms001_initial 
-------------------------------- live log call ---------------------------------
DEBUG    root:combined_raw_datasets_generator.py:43 Using temporary path: /tmp/tmpc1eq5drw

INFO     root:combined_raw_datasets_generator.py:181 /tmp/tmpc1eq5drw/141/can_we_use_urn_here
INFO     root:combined_raw_datasets_generator.py:179 * /tmp/tmpc1eq5drw/142/can_we_use_urn_here
INFO     root:combined_raw_datasets_generator.py:179 ** /tmp/tmpc1eq5drw/143/can_we_use_urn_here
DEBUG    root:utils.py:286 Creating empty dict with key ext-001 for: {}
INFO     root:combined_raw_datasets_generator.py:179 ** /tmp/tmpc1eq5drw/144/can_we_use_urn_here
DEBUG    root:utils.py:286 Creating empty dict with key ext-002 for: {'ext-001': []}
DEBUG    root:utils.py:286 Creating empty dict with key sys-001 for: {'ext-001': [], 'ext-002': []}
DEBUG    root:utils.py:286 Creating empty dict with key ms-001 for: {'ext-001': [], 'ext-002': [], 'sys-001': ['ext-001', 'ext-002']}
INFO     root:semantic_validator.py:72 

VALIDATION: [32mPASS[0m


PASSED
tests/unit/reqstool/model_generators/test_combined_raw_datasets_generator.py::test_standard_sys001_initial 
-------------------------------- live log call ---------------------------------
DEBUG    root:combined_raw_datasets_generator.py:43 Using temporary path: /tmp/tmpc1eq5drw

INFO     root:combined_raw_datasets_generator.py:181 /tmp/tmpc1eq5drw/145/can_we_use_urn_here
INFO     root:combined_raw_datasets_generator.py:179 * /tmp/tmpc1eq5drw/146/can_we_use_urn_here
DEBUG    root:utils.py:286 Creating empty dict with key ext-001 for: {}
INFO     root:combined_raw_datasets_generator.py:179 * /tmp/tmpc1eq5drw/147/can_we_use_urn_here
DEBUG    root:utils.py:286 Creating empty dict with key ext-002 for: {'ext-001': []}
INFO     root:combined_raw_datasets_generator.py:179 * /tmp/tmpc1eq5drw/148/can_we_use_urn_here
DEBUG    root:utils.py:286 Creating empty dict with key sys-001 for: {'ext-001': [], 'ext-002': []}
DEBUG    root:utils.py:278 Creating empty dict with key ms-001 for: {'ext-001': [], 'ext-002': [], 'sys-001': ['ext-001', 'ext-002', 'ms-001']}
INFO     root:semantic_validator.py:72 

VALIDATION: [32mPASS[0m


PASSED
tests/unit/reqstool/model_generators/test_combined_raw_datasets_generator.py::test_missing_requirements_file 
-------------------------------- live log call ---------------------------------
DEBUG    root:combined_raw_datasets_generator.py:43 Using temporary path: /tmp/tmpc1eq5drw

PASSED
tests/unit/reqstool/model_generators/test_filter_logic.py::test_req_filter_all_none_imports_everything 
-------------------------------- live log call ---------------------------------
DEBUG    root:indexed_dataset_filter_processor.py:134 Applying filter for urn ext-001 on 2 accessible reqs: RequirementFilter(urn_ids_imports=None, urn_ids_excludes=None, custom_imports=None, custom_exclude=None)
DEBUG    root:indexed_dataset_filter_processor.py:184 Filtering in requirement: ext-001:REQ_A
DEBUG    root:indexed_dataset_filter_processor.py:184 Filtering in requirement: ext-001:REQ_B
PASSED
tests/unit/reqstool/model_generators/test_filter_logic.py::test_req_filter_urn_ids_excludes_removes_matching 
-------------------------------- live log call ---------------------------------
DEBUG    root:indexed_dataset_filter_processor.py:134 Applying filter for urn ext-001 on 2 accessible reqs: RequirementFilter(urn_ids_imports=None, urn_ids_excludes={UrnId(urn='ext-001', id='REQ_A')}, custom_imports=None, custom_exclude=None)
DEBUG    root:indexed_dataset_filter_processor.py:186 Filtering OUT requirement: ext-001:REQ_A
DEBUG    root:indexed_dataset_filter_processor.py:184 Filtering in requirement: ext-001:REQ_B
PASSED
tests/unit/reqstool/model_generators/test_filter_logic.py::test_req_filter_urn_ids_imports_keeps_only_matching 
-------------------------------- live log call ---------------------------------
DEBUG    root:indexed_dataset_filter_processor.py:134 Applying filter for urn ext-001 on 2 accessible reqs: RequirementFilter(urn_ids_imports={UrnId(urn='ext-001', id='REQ_A')}, urn_ids_excludes=None, custom_imports=None, custom_exclude=None)
DEBUG    root:indexed_dataset_filter_processor.py:184 Filtering in requirement: ext-001:REQ_A
DEBUG    root:indexed_dataset_filter_processor.py:186 Filtering OUT requirement: ext-001:REQ_B
PASSED
tests/unit/reqstool/model_generators/test_filter_logic.py::test_req_filter_custom_exclude_el_removes_matching 
-------------------------------- live log call ---------------------------------
DEBUG    root:indexed_dataset_filter_processor.py:134 Applying filter for urn ext-001 on 2 accessible reqs: RequirementFilter(urn_ids_imports=None, urn_ids_excludes=None, custom_imports=None, custom_exclude='ids == "ext-001:REQ_A"')
DEBUG    root:indexed_dataset_filter_processor.py:186 Filtering OUT requirement: ext-001:REQ_A
DEBUG    root:indexed_dataset_filter_processor.py:184 Filtering in requirement: ext-001:REQ_B
PASSED
tests/unit/reqstool/model_generators/test_filter_logic.py::test_req_filter_custom_imports_el_keeps_only_matching 
-------------------------------- live log call ---------------------------------
DEBUG    root:indexed_dataset_filter_processor.py:134 Applying filter for urn ext-001 on 2 accessible reqs: RequirementFilter(urn_ids_imports=None, urn_ids_excludes=None, custom_imports='ids == "ext-001:REQ_A"', custom_exclude=None)
DEBUG    root:indexed_dataset_filter_processor.py:184 Filtering in requirement: ext-001:REQ_A
DEBUG    root:indexed_dataset_filter_processor.py:186 Filtering OUT requirement: ext-001:REQ_B
PASSED
tests/unit/reqstool/model_generators/test_filter_logic.py::test_req_filter_urn_ids_excludes_combined_with_custom_exclude 
-------------------------------- live log call ---------------------------------
DEBUG    root:indexed_dataset_filter_processor.py:134 Applying filter for urn ext-001 on 2 accessible reqs: RequirementFilter(urn_ids_imports=None, urn_ids_excludes={UrnId(urn='ext-001', id='REQ_A')}, custom_imports=None, custom_exclude='ids == "ext-001:REQ_B"')
DEBUG    root:indexed_dataset_filter_processor.py:186 Filtering OUT requirement: ext-001:REQ_A
DEBUG    root:indexed_dataset_filter_processor.py:186 Filtering OUT requirement: ext-001:REQ_B
PASSED
tests/unit/reqstool/model_generators/test_filter_logic.py::test_svc_filter_all_none_imports_everything 
-------------------------------- live log call ---------------------------------
DEBUG    root:indexed_dataset_filter_processor.py:269 Applying filter for urn ext-001 on 2 accessible svcs: SVCFilter(urn_ids_imports=None, urn_ids_excludes=None, custom_imports=None, custom_exclude=None)
DEBUG    root:indexed_dataset_filter_processor.py:315 Filtering in svcs: ext-001:SVC_B
DEBUG    root:indexed_dataset_filter_processor.py:315 Filtering in svcs: ext-001:SVC_A
PASSED
tests/unit/reqstool/model_generators/test_filter_logic.py::test_svc_filter_urn_ids_excludes_removes_matching 
-------------------------------- live log call ---------------------------------
DEBUG    root:indexed_dataset_filter_processor.py:269 Applying filter for urn ext-001 on 2 accessible svcs: SVCFilter(urn_ids_imports=None, urn_ids_excludes={UrnId(urn='ext-001', id='SVC_A')}, custom_imports=None, custom_exclude=None)
DEBUG    root:indexed_dataset_filter_processor.py:315 Filtering in svcs: ext-001:SVC_B
DEBUG    root:indexed_dataset_filter_processor.py:317 Filtering OUT svcs: ext-001:SVC_A
PASSED
tests/unit/reqstool/model_generators/test_filter_logic.py::test_svc_filter_urn_ids_imports_keeps_only_matching 
-------------------------------- live log call ---------------------------------
DEBUG    root:indexed_dataset_filter_processor.py:269 Applying filter for urn ext-001 on 2 accessible svcs: SVCFilter(urn_ids_imports={UrnId(urn='ext-001', id='SVC_A')}, urn_ids_excludes=None, custom_imports=None, custom_exclude=None)
DEBUG    root:indexed_dataset_filter_processor.py:317 Filtering OUT svcs: ext-001:SVC_B
DEBUG    root:indexed_dataset_filter_processor.py:315 Filtering in svcs: ext-001:SVC_A
PASSED
tests/unit/reqstool/model_generators/test_mvrs_model_generator.py::test_mvrs_model_generator PASSED
tests/unit/reqstool/model_generators/test_requirements_model_generator.py::test_system_requirements_model_generator PASSED
tests/unit/reqstool/model_generators/test_requirements_model_generator.py::test_microservice_requirements_model_generator PASSED
tests/unit/reqstool/model_generators/test_requirements_model_generator.py::test_external_requirements_model_generator PASSED
tests/unit/reqstool/model_generators/test_requirements_model_generator.py::test_rational_optional_model_generator PASSED
tests/unit/reqstool/model_generators/test_requirements_model_generator.py::test_lifecycle_variable_model_generator PASSED
tests/unit/reqstool/model_generators/test_svcs_model_generator.py::test_svcs_model_generator PASSED
tests/unit/reqstool/model_generators/test_svcs_model_generator.py::test_lifecycle_variable_model_generator PASSED
tests/unit/reqstool/model_generators/test_testdata_model_generator.py::test_karate_method_identifier_regex[[1.4:55] Create a subscripiton with filter and receive messages] PASSED
tests/unit/reqstool/model_generators/test_testdata_model_generator.py::test_karate_method_identifier_regex[[1:38] Create a subscripiton with filter and receive messages] PASSED
tests/unit/reqstool/model_generators/test_testdata_model_generator.py::test_karate_method_identifier_regex[[1.2:53] Create a subscripiton with filter and receive messages] PASSED
tests/unit/reqstool/model_generators/test_testdata_model_generator.py::test_unit_method_identifier_regex[testFlightIdAircraftId] PASSED
tests/unit/reqstool/model_generators/test_testdata_model_generator.py::test_unit_method_identifier_regex[testFlightIdAircraftId(String, int)[1]] PASSED
tests/unit/reqstool/model_generators/test_testdata_model_generator.py::test_testdata_model_generator PASSED
tests/unit/reqstool/models/test_annotations.py::test_requirement_annotation_data PASSED
tests/unit/reqstool/models/test_annotations.py::test_requirements_annotations_data PASSED
tests/unit/reqstool/models/test_implementations.py::test_git_impl_data PASSED
tests/unit/reqstool/models/test_implementations.py::test_local_impl_data PASSED
tests/unit/reqstool/models/test_implementations.py::test_maven_impl_data PASSED
tests/unit/reqstool/models/test_implementations.py::test_implementations_data PASSED
tests/unit/reqstool/models/test_imports.py::test_git_import_data PASSED
tests/unit/reqstool/models/test_imports.py::test_local_system_data PASSED
tests/unit/reqstool/models/test_imports.py::test_maven_system_data PASSED
tests/unit/reqstool/models/test_mvrs.py::test_mvr_data PASSED
tests/unit/reqstool/models/test_mvrs.py::test_mvrs_data PASSED
tests/unit/reqstool/models/test_requirements.py::test_reference_data_default_is_empty_set PASSED
tests/unit/reqstool/models/test_requirements.py::test_reference_data_instances_do_not_share_default PASSED
tests/unit/reqstool/models/test_requirements.py::test_reference_data PASSED
tests/unit/reqstool/models/test_requirements.py::test_requirement_data PASSED
tests/unit/reqstool/models/test_requirements.py::test_requirements_data_filters_default_is_empty_dict PASSED
tests/unit/reqstool/models/test_requirements.py::test_requirements_data PASSED
tests/unit/reqstool/models/test_svcs.py::test_svcs_data PASSED
tests/unit/reqstool/models/test_svcs.py::test_svc_data PASSED
tests/unit/reqstool/reqstool_config/test_reqstool_config.py::test_all PASSED
tests/unit/reqstool/reqstool_config/test_reqstool_config.py::test_minimal PASSED
tests/unit/reqstool/requirements_indata/test_requirements_indata_paths.py::test_prepend_paths_with_none_properties PASSED
tests/unit/reqstool/resources/schemas/v1/test_json_schemas.py::test_validate_annotations_schema_json PASSED
tests/unit/reqstool/resources/schemas/v1/test_json_schemas.py::test_validate_common_schema_json PASSED
tests/unit/reqstool/resources/schemas/v1/test_json_schemas.py::test_validate_manual_verification_results_schema_json PASSED
tests/unit/reqstool/resources/schemas/v1/test_json_schemas.py::test_validate_requirements_config_schema_json PASSED
tests/unit/reqstool/resources/schemas/v1/test_json_schemas.py::test_validate_requirements_schema_json PASSED
tests/unit/reqstool/resources/schemas/v1/test_json_schemas.py::test_validate_software_verification_cases_schema_json PASSED

================================ tests coverage ================================
_______________ coverage: platform linux, python 3.13.7-final-0 ________________

Name                                                                  Stmts   Miss  Cover
-----------------------------------------------------------------------------------------
src/reqstool/__init__.py                                                  0      0   100%
src/reqstool/command.py                                                 201     35    83%
src/reqstool/commands/exit_codes.py                                       3      0   100%
src/reqstool/commands/generate_json/generate_json.py                     98      0   100%
src/reqstool/commands/report/criterias/group_by.py                       44      1    98%
src/reqstool/commands/report/criterias/sort_by.py                         8      0   100%
src/reqstool/commands/report/report.py                                  118      1    99%
src/reqstool/commands/status/statistics_container.py                     68      0   100%
src/reqstool/commands/status/statistics_generator.py                    170     15    91%
src/reqstool/commands/status/status.py                                  165      0   100%
src/reqstool/common/dataclasses/lifecycle.py                             20      0   100%
src/reqstool/common/dataclasses/urn_id.py                                23      1    96%
src/reqstool/common/exceptions.py                                         4      0   100%
src/reqstool/common/jinja2.py                                            23      4    83%
src/reqstool/common/utils.py                                            224     46    79%
src/reqstool/common/validator_error_holder.py                            18      0   100%
src/reqstool/common/validators/lifecycle_validator.py                    57      3    95%
src/reqstool/common/validators/semantic_validator.py                    134      0   100%
src/reqstool/common/validators/syntax_validator.py                       43      0   100%
src/reqstool/expression_languages/generic_el.py                          51      1    98%
src/reqstool/expression_languages/requirements_el.py                      4      0   100%
src/reqstool/expression_languages/svcs_el.py                              4      0   100%
src/reqstool/filters/id_filters.py                                       11      1    91%
src/reqstool/filters/requirements_filters.py                              5      0   100%
src/reqstool/filters/svcs_filters.py                                      5      0   100%
src/reqstool/location_resolver/location_resolver.py                      24      2    92%
src/reqstool/locations/git_location.py                                   26      9    65%
src/reqstool/locations/local_location.py                                 17      0   100%
src/reqstool/locations/local_maven_location.py                            8      0   100%
src/reqstool/locations/local_pypi_location.py                             8      0   100%
src/reqstool/locations/location.py                                       14      1    93%
src/reqstool/locations/maven_location.py                                 35     16    54%
src/reqstool/locations/pypi_location.py                                  60     37    38%
src/reqstool/model_generators/annotations_model_generator.py             34      1    97%
src/reqstool/model_generators/combined_indexed_dataset_generator.py     138     11    92%
src/reqstool/model_generators/combined_raw_datasets_generator.py        127      4    97%
src/reqstool/model_generators/indexed_dataset_filter_processor.py       213     10    95%
src/reqstool/model_generators/mvrs_model_generator.py                    28      1    96%
src/reqstool/model_generators/requirements_model_generator.py           156      3    98%
src/reqstool/model_generators/svcs_model_generator.py                    62      5    92%
src/reqstool/model_generators/testdata_model_generator.py                47      7    85%
src/reqstool/models/annotations.py                                       11      0   100%
src/reqstool/models/combined_indexed_dataset.py                          26      0   100%
src/reqstool/models/implementations.py                                   17      0   100%
src/reqstool/models/imports.py                                           17      0   100%
src/reqstool/models/mvrs.py                                              12      0   100%
src/reqstool/models/raw_datasets.py                                      20      0   100%
src/reqstool/models/requirements.py                                      71      1    99%
src/reqstool/models/svcs.py                                              28      0   100%
src/reqstool/models/test_data.py                                         16      0   100%
src/reqstool/reqstool_config/reqstool_config.py                          25      1    96%
src/reqstool/requirements_indata/requirements_indata.py                  65      4    94%
src/reqstool/requirements_indata/requirements_indata_paths.py            13      0   100%
-----------------------------------------------------------------------------------------
TOTAL                                                                  2819    221    92%
=========================== short test summary info ============================
SKIPPED [1] tests/integration/reqstool/model_generators/test_included_models_generator.py:22: Test needs GITHUB_TOKEN
SKIPPED [1] tests/integration/reqstool/model_generators/test_included_models_generator.py:42: Test needs GITHUB_TOKEN
======================= 212 passed, 2 skipped in 23.23s ========================
